{"contracts\\core\\base\\IERC721Time.sol":{"l":{},"path":"E:\\CODE\\Lens\\Lens_Running\\contracts\\core\\base\\IERC721Time.sol","s":{},"b":{},"f":{},"fnMap":{},"statementMap":{},"branchMap":{}},"contracts\\core\\base\\LensMultiState.sol":{"l":{"21":20071,"22":20056,"26":4078,"27":4066,"39":3,"43":986,"44":986,"45":957,"49":4078,"50":12,"55":20173},"path":"E:\\CODE\\Lens\\Lens_Running\\contracts\\core\\base\\LensMultiState.sol","s":{"1":20071,"2":4078,"3":3,"4":986,"5":986,"6":957,"7":4078,"8":20173},"b":{"1":[12,4066],"2":[18,20155]},"f":{"1":20071,"2":4078,"3":3,"4":986,"5":4078,"6":20173},"fnMap":{"1":{"name":"whenNotPaused","line":20,"loc":{"start":{"line":20,"column":4},"end":{"line":23,"column":4}}},"2":{"name":"whenPublishingEnabled","line":25,"loc":{"start":{"line":25,"column":4},"end":{"line":28,"column":4}}},"3":{"name":"getState","line":38,"loc":{"start":{"line":38,"column":4},"end":{"line":40,"column":4}}},"4":{"name":"_setState","line":42,"loc":{"start":{"line":42,"column":4},"end":{"line":46,"column":4}}},"5":{"name":"_validatePublishingEnabled","line":48,"loc":{"start":{"line":48,"column":4},"end":{"line":52,"column":4}}},"6":{"name":"_validateNotPaused","line":54,"loc":{"start":{"line":54,"column":4},"end":{"line":56,"column":4}}}},"statementMap":{"1":{"start":{"line":21,"column":8},"end":{"line":21,"column":27}},"2":{"start":{"line":26,"column":8},"end":{"line":26,"column":35}},"3":{"start":{"line":39,"column":8},"end":{"line":39,"column":21}},"4":{"start":{"line":43,"column":8},"end":{"line":43,"column":50}},"5":{"start":{"line":44,"column":8},"end":{"line":44,"column":24}},"6":{"start":{"line":45,"column":8},"end":{"line":45,"column":78}},"7":{"start":{"line":49,"column":8},"end":{"line":49,"column":1393}},"8":{"start":{"line":55,"column":8},"end":{"line":55,"column":76}}},"branchMap":{"1":{"line":49,"type":"if","locations":[{"start":{"line":49,"column":8},"end":{"line":49,"column":8}},{"start":{"line":49,"column":8},"end":{"line":49,"column":8}}]},"2":{"line":55,"type":"if","locations":[{"start":{"line":55,"column":8},"end":{"line":55,"column":8}},{"start":{"line":55,"column":8},"end":{"line":55,"column":8}}]}}},"contracts\\core\\base\\LensNFTBase.sol":{"l":{"48":970,"50":970,"59":19,"60":18,"61":17,"78":13,"88":200,"89":199,"107":195,"112":1,"117":120,"118":117,"127":17,"128":16,"144":12,"155":825,"156":811,"157":811,"158":42,"165":826,"185":825,"186":825,"191":825},"path":"E:\\CODE\\Lens\\Lens_Running\\contracts\\core\\base\\LensNFTBase.sol","s":{"1":970,"2":970,"3":19,"4":18,"5":13,"6":200,"7":195,"8":1,"9":120,"10":117,"11":17,"12":12,"13":825,"14":811,"15":811,"16":826,"17":825,"18":825},"b":{"1":[1,18],"2":[1,199],"3":[3,117],"4":[14,811],"5":[42,769]},"f":{"1":970,"2":19,"3":200,"4":1,"5":120,"6":17,"7":825,"8":826,"9":825},"fnMap":{"1":{"name":"_initialize","line":47,"loc":{"start":{"line":47,"column":4},"end":{"line":51,"column":4}}},"2":{"name":"permit","line":54,"loc":{"start":{"line":54,"column":4},"end":{"line":79,"column":4}}},"3":{"name":"permitForAll","line":82,"loc":{"start":{"line":82,"column":4},"end":{"line":108,"column":4}}},"4":{"name":"getDomainSeparator","line":111,"loc":{"start":{"line":111,"column":4},"end":{"line":113,"column":4}}},"5":{"name":"burn","line":116,"loc":{"start":{"line":116,"column":4},"end":{"line":119,"column":4}}},"6":{"name":"burnWithSig","line":122,"loc":{"start":{"line":122,"column":4},"end":{"line":145,"column":4}}},"7":{"name":"_validateRecoveredAddress","line":150,"loc":{"start":{"line":150,"column":4},"end":{"line":159,"column":4}}},"8":{"name":"_calculateDomainSeparator","line":164,"loc":{"start":{"line":164,"column":4},"end":{"line":175,"column":4}}},"9":{"name":"_calculateDigest","line":184,"loc":{"start":{"line":184,"column":4},"end":{"line":192,"column":4}}}},"statementMap":{"1":{"start":{"line":48,"column":8},"end":{"line":48,"column":45}},"2":{"start":{"line":50,"column":8},"end":{"line":50,"column":66}},"3":{"start":{"line":59,"column":8},"end":{"line":59,"column":62}},"4":{"start":{"line":60,"column":8},"end":{"line":60,"column":40}},"5":{"start":{"line":78,"column":8},"end":{"line":78,"column":33}},"6":{"start":{"line":88,"column":8},"end":{"line":88,"column":63}},"7":{"start":{"line":107,"column":8},"end":{"line":107,"column":54}},"8":{"start":{"line":112,"column":8},"end":{"line":112,"column":42}},"9":{"start":{"line":117,"column":8},"end":{"line":117,"column":88}},"10":{"start":{"line":118,"column":8},"end":{"line":118,"column":21}},"11":{"start":{"line":127,"column":8},"end":{"line":127,"column":40}},"12":{"start":{"line":144,"column":8},"end":{"line":144,"column":21}},"13":{"start":{"line":155,"column":8},"end":{"line":155,"column":76}},"14":{"start":{"line":156,"column":8},"end":{"line":156,"column":73}},"15":{"start":{"line":157,"column":8},"end":{"line":157,"column":5624}},"16":{"start":{"line":165,"column":8},"end":{"line":165,"column":5919}},"17":{"start":{"line":185,"column":8},"end":{"line":185,"column":22}},"18":{"start":{"line":191,"column":8},"end":{"line":191,"column":21}}},"branchMap":{"1":{"line":59,"type":"if","locations":[{"start":{"line":59,"column":8},"end":{"line":59,"column":8}},{"start":{"line":59,"column":8},"end":{"line":59,"column":8}}]},"2":{"line":88,"type":"if","locations":[{"start":{"line":88,"column":8},"end":{"line":88,"column":8}},{"start":{"line":88,"column":8},"end":{"line":88,"column":8}}]},"3":{"line":117,"type":"if","locations":[{"start":{"line":117,"column":8},"end":{"line":117,"column":8}},{"start":{"line":117,"column":8},"end":{"line":117,"column":8}}]},"4":{"line":155,"type":"if","locations":[{"start":{"line":155,"column":8},"end":{"line":155,"column":8}},{"start":{"line":155,"column":8},"end":{"line":155,"column":8}}]},"5":{"line":157,"type":"if","locations":[{"start":{"line":157,"column":8},"end":{"line":157,"column":8}},{"start":{"line":157,"column":8},"end":{"line":157,"column":8}}]}}},"contracts\\core\\CollectNFT.sol":{"l":{"38":4,"39":3,"40":3,"50":962,"51":961,"52":961,"53":961,"54":961,"55":961,"56":961,"61":1120,"62":1119,"71":6,"75":3,"76":1,"87":28,"88":27,"89":1,"91":26,"94":1,"112":6,"125":0,"136":1132,"137":1132},"path":"E:\\CODE\\Lens\\Lens_Running\\contracts\\core\\CollectNFT.sol","s":{"1":4,"2":3,"3":3,"4":962,"5":961,"6":961,"7":961,"8":961,"9":961,"10":961,"11":1120,"12":6,"13":3,"14":1,"15":28,"16":27,"17":26,"18":6,"19":0,"20":1132,"21":1132},"b":{"1":[1,3],"2":[1,961],"3":[1,1119],"4":[2,1],"5":[27,1],"6":[1,26]},"f":{"1":4,"2":962,"3":1120,"4":6,"5":3,"6":28,"7":6,"8":0,"9":1132},"fnMap":{"1":{"name":"constructor","line":37,"loc":{"start":{"line":37,"column":4},"end":{"line":41,"column":4}}},"2":{"name":"initialize","line":44,"loc":{"start":{"line":44,"column":4},"end":{"line":57,"column":4}}},"3":{"name":"mint","line":60,"loc":{"start":{"line":60,"column":4},"end":{"line":67,"column":4}}},"4":{"name":"getSourcePublicationPointer","line":70,"loc":{"start":{"line":70,"column":4},"end":{"line":72,"column":4}}},"5":{"name":"tokenURI","line":74,"loc":{"start":{"line":74,"column":4},"end":{"line":77,"column":4}}},"6":{"name":"setRoyalty","line":86,"loc":{"start":{"line":86,"column":4},"end":{"line":96,"column":4}}},"7":{"name":"royaltyInfo","line":107,"loc":{"start":{"line":107,"column":4},"end":{"line":113,"column":4}}},"8":{"name":"supportsInterface","line":118,"loc":{"start":{"line":118,"column":4},"end":{"line":126,"column":4}}},"9":{"name":"_beforeTokenTransfer","line":131,"loc":{"start":{"line":131,"column":4},"end":{"line":138,"column":4}}}},"statementMap":{"1":{"start":{"line":38,"column":8},"end":{"line":38,"column":64}},"2":{"start":{"line":39,"column":8},"end":{"line":39,"column":16}},"3":{"start":{"line":40,"column":8},"end":{"line":40,"column":26}},"4":{"start":{"line":50,"column":8},"end":{"line":50,"column":53}},"5":{"start":{"line":51,"column":8},"end":{"line":51,"column":26}},"6":{"start":{"line":52,"column":8},"end":{"line":52,"column":33}},"7":{"start":{"line":53,"column":8},"end":{"line":53,"column":29}},"8":{"start":{"line":54,"column":8},"end":{"line":54,"column":21}},"9":{"start":{"line":55,"column":8},"end":{"line":55,"column":38}},"10":{"start":{"line":56,"column":8},"end":{"line":56,"column":76}},"11":{"start":{"line":61,"column":8},"end":{"line":61,"column":53}},"12":{"start":{"line":71,"column":8},"end":{"line":71,"column":35}},"13":{"start":{"line":75,"column":8},"end":{"line":75,"column":64}},"14":{"start":{"line":76,"column":8},"end":{"line":76,"column":62}},"15":{"start":{"line":87,"column":8},"end":{"line":87,"column":3170}},"16":{"start":{"line":88,"column":12},"end":{"line":88,"column":3241}},"17":{"start":{"line":91,"column":16},"end":{"line":91,"column":55}},"18":{"start":{"line":112,"column":8},"end":{"line":112,"column":99}},"19":{"start":{"line":125,"column":8},"end":{"line":125,"column":90}},"20":{"start":{"line":136,"column":8},"end":{"line":136,"column":52}},"21":{"start":{"line":137,"column":8},"end":{"line":137,"column":87}}},"branchMap":{"1":{"line":38,"type":"if","locations":[{"start":{"line":38,"column":8},"end":{"line":38,"column":8}},{"start":{"line":38,"column":8},"end":{"line":38,"column":8}}]},"2":{"line":50,"type":"if","locations":[{"start":{"line":50,"column":8},"end":{"line":50,"column":8}},{"start":{"line":50,"column":8},"end":{"line":50,"column":8}}]},"3":{"line":61,"type":"if","locations":[{"start":{"line":61,"column":8},"end":{"line":61,"column":8}},{"start":{"line":61,"column":8},"end":{"line":61,"column":8}}]},"4":{"line":75,"type":"if","locations":[{"start":{"line":75,"column":8},"end":{"line":75,"column":8}},{"start":{"line":75,"column":8},"end":{"line":75,"column":8}}]},"5":{"line":87,"type":"if","locations":[{"start":{"line":87,"column":8},"end":{"line":87,"column":8}},{"start":{"line":87,"column":8},"end":{"line":87,"column":8}}]},"6":{"line":88,"type":"if","locations":[{"start":{"line":88,"column":12},"end":{"line":88,"column":12}},{"start":{"line":88,"column":12},"end":{"line":88,"column":12}}]}}},"contracts\\core\\FollowNFT.sol":{"l":{"48":4,"49":3,"50":3,"55":2367,"56":2366,"57":2366,"58":2366,"63":2915,"64":2914,"73":249,"82":17,"99":13,"109":40,"110":39,"111":39,"112":30,"122":20,"123":19,"124":19,"125":16,"129":39,"130":39,"134":3,"135":3,"136":3,"144":46,"173":5,"174":4,"185":3083,"186":3083,"187":3083,"189":3083,"191":3083,"192":3083,"193":3082,"194":294,"199":262,"200":262,"201":262,"202":262,"210":3345,"264":372,"282":152},"path":"E:\\CODE\\Lens\\Lens_Running\\contracts\\core\\FollowNFT.sol","s":{"1":4,"2":3,"3":3,"4":2367,"5":2366,"6":2366,"7":2366,"8":2915,"9":249,"10":13,"11":40,"12":39,"13":39,"14":9,"15":30,"16":20,"17":19,"18":19,"19":3,"20":16,"21":39,"22":39,"23":3,"24":3,"25":3,"26":5,"27":4,"28":3083,"29":3083,"30":3083,"31":3083,"32":3083,"33":3083,"34":3082,"35":294,"36":262,"37":262,"38":262,"39":262},"b":{"1":[1,3],"2":[1,2366],"3":[1,2914],"4":[1,39],"5":[9,30],"6":[1,19],"7":[3,16],"8":[1,4],"9":[294,2788]},"f":{"1":4,"2":2367,"3":2915,"4":249,"5":17,"6":40,"7":20,"8":39,"9":3,"10":46,"11":5,"12":3083,"13":262,"14":3345,"15":372,"16":152},"fnMap":{"1":{"name":"constructor","line":47,"loc":{"start":{"line":47,"column":4},"end":{"line":51,"column":4}}},"2":{"name":"initialize","line":54,"loc":{"start":{"line":54,"column":4},"end":{"line":59,"column":4}}},"3":{"name":"mint","line":62,"loc":{"start":{"line":62,"column":4},"end":{"line":69,"column":4}}},"4":{"name":"delegate","line":72,"loc":{"start":{"line":72,"column":4},"end":{"line":74,"column":4}}},"5":{"name":"delegateBySig","line":77,"loc":{"start":{"line":77,"column":4},"end":{"line":100,"column":4}}},"6":{"name":"getPowerByBlockNumber","line":103,"loc":{"start":{"line":103,"column":4},"end":{"line":113,"column":4}}},"7":{"name":"getDelegatedSupplyByBlockNumber","line":116,"loc":{"start":{"line":116,"column":4},"end":{"line":126,"column":4}}},"8":{"name":"name","line":128,"loc":{"start":{"line":128,"column":4},"end":{"line":131,"column":4}}},"9":{"name":"symbol","line":133,"loc":{"start":{"line":133,"column":4},"end":{"line":137,"column":4}}},"10":{"name":"_getSnapshotValueByBlockNumber","line":139,"loc":{"start":{"line":139,"column":4},"end":{"line":167,"column":4}}},"11":{"name":"tokenURI","line":172,"loc":{"start":{"line":172,"column":4},"end":{"line":175,"column":4}}},"12":{"name":"_beforeTokenTransfer","line":180,"loc":{"start":{"line":180,"column":4},"end":{"line":196,"column":4}}},"13":{"name":"_delegate","line":198,"loc":{"start":{"line":198,"column":4},"end":{"line":203,"column":4}}},"14":{"name":"_moveDelegate","line":205,"loc":{"start":{"line":205,"column":4},"end":{"line":257,"column":4}}},"15":{"name":"_writeSnapshot","line":259,"loc":{"start":{"line":259,"column":4},"end":{"line":279,"column":4}}},"16":{"name":"_writeSupplySnapshot","line":281,"loc":{"start":{"line":281,"column":4},"end":{"line":296,"column":4}}}},"statementMap":{"1":{"start":{"line":48,"column":8},"end":{"line":48,"column":64}},"2":{"start":{"line":49,"column":8},"end":{"line":49,"column":16}},"3":{"start":{"line":50,"column":8},"end":{"line":50,"column":26}},"4":{"start":{"line":55,"column":8},"end":{"line":55,"column":53}},"5":{"start":{"line":56,"column":8},"end":{"line":56,"column":26}},"6":{"start":{"line":57,"column":8},"end":{"line":57,"column":29}},"7":{"start":{"line":58,"column":8},"end":{"line":58,"column":68}},"8":{"start":{"line":63,"column":8},"end":{"line":63,"column":53}},"9":{"start":{"line":73,"column":8},"end":{"line":73,"column":39}},"10":{"start":{"line":99,"column":8},"end":{"line":99,"column":38}},"11":{"start":{"line":109,"column":8},"end":{"line":109,"column":74}},"12":{"start":{"line":110,"column":8},"end":{"line":110,"column":52}},"13":{"start":{"line":111,"column":8},"end":{"line":111,"column":40}},"14":{"start":{"line":111,"column":32},"end":{"line":111,"column":40}},"15":{"start":{"line":112,"column":8},"end":{"line":112,"column":91}},"16":{"start":{"line":122,"column":8},"end":{"line":122,"column":74}},"17":{"start":{"line":123,"column":8},"end":{"line":123,"column":55}},"18":{"start":{"line":124,"column":8},"end":{"line":124,"column":40}},"19":{"start":{"line":124,"column":32},"end":{"line":124,"column":40}},"20":{"start":{"line":125,"column":8},"end":{"line":125,"column":94}},"21":{"start":{"line":129,"column":8},"end":{"line":129,"column":66}},"22":{"start":{"line":130,"column":8},"end":{"line":130,"column":81}},"23":{"start":{"line":134,"column":8},"end":{"line":134,"column":66}},"24":{"start":{"line":135,"column":8},"end":{"line":135,"column":49}},"25":{"start":{"line":136,"column":8},"end":{"line":136,"column":87}},"26":{"start":{"line":173,"column":8},"end":{"line":173,"column":64}},"27":{"start":{"line":174,"column":8},"end":{"line":174,"column":56}},"28":{"start":{"line":185,"column":8},"end":{"line":185,"column":48}},"29":{"start":{"line":186,"column":8},"end":{"line":186,"column":44}},"30":{"start":{"line":187,"column":8},"end":{"line":187,"column":72}},"31":{"start":{"line":189,"column":8},"end":{"line":189,"column":51}},"32":{"start":{"line":191,"column":8},"end":{"line":191,"column":52}},"33":{"start":{"line":192,"column":8},"end":{"line":192,"column":78}},"34":{"start":{"line":193,"column":8},"end":{"line":193,"column":7059}},"35":{"start":{"line":194,"column":12},"end":{"line":194,"column":94}},"36":{"start":{"line":199,"column":8},"end":{"line":199,"column":55}},"37":{"start":{"line":200,"column":8},"end":{"line":200,"column":56}},"38":{"start":{"line":201,"column":8},"end":{"line":201,"column":40}},"39":{"start":{"line":202,"column":8},"end":{"line":202,"column":67}}},"branchMap":{"1":{"line":48,"type":"if","locations":[{"start":{"line":48,"column":8},"end":{"line":48,"column":8}},{"start":{"line":48,"column":8},"end":{"line":48,"column":8}}]},"2":{"line":55,"type":"if","locations":[{"start":{"line":55,"column":8},"end":{"line":55,"column":8}},{"start":{"line":55,"column":8},"end":{"line":55,"column":8}}]},"3":{"line":63,"type":"if","locations":[{"start":{"line":63,"column":8},"end":{"line":63,"column":8}},{"start":{"line":63,"column":8},"end":{"line":63,"column":8}}]},"4":{"line":109,"type":"if","locations":[{"start":{"line":109,"column":8},"end":{"line":109,"column":8}},{"start":{"line":109,"column":8},"end":{"line":109,"column":8}}]},"5":{"line":111,"type":"if","locations":[{"start":{"line":111,"column":8},"end":{"line":111,"column":8}},{"start":{"line":111,"column":8},"end":{"line":111,"column":8}}]},"6":{"line":122,"type":"if","locations":[{"start":{"line":122,"column":8},"end":{"line":122,"column":8}},{"start":{"line":122,"column":8},"end":{"line":122,"column":8}}]},"7":{"line":124,"type":"if","locations":[{"start":{"line":124,"column":8},"end":{"line":124,"column":8}},{"start":{"line":124,"column":8},"end":{"line":124,"column":8}}]},"8":{"line":173,"type":"if","locations":[{"start":{"line":173,"column":8},"end":{"line":173,"column":8}},{"start":{"line":173,"column":8},"end":{"line":173,"column":8}}]},"9":{"line":193,"type":"if","locations":[{"start":{"line":193,"column":8},"end":{"line":193,"column":8}},{"start":{"line":193,"column":8},"end":{"line":193,"column":8}}]}}},"contracts\\core\\LensHub.sol":{"l":{"42":4530,"43":4524,"53":14,"54":13,"55":12,"56":12,"65":9,"66":9,"67":9,"76":24,"81":96,"82":96,"83":95,"93":987,"94":103,"95":1,"96":102,"98":6,"100":977,"109":168,"110":166,"115":672,"116":670,"125":480,"126":478,"135":3084,"136":3038,"150":7460,"151":7459,"167":74,"176":67,"202":311,"203":309,"218":43,"219":43,"237":39,"248":109,"249":108,"258":43,"259":43,"276":39,"285":75,"286":74,"295":43,"296":43,"313":39,"322":25,"323":24,"332":30,"333":30,"350":26,"360":2872,"361":2870,"379":59,"380":59,"401":55,"419":265,"420":264,"430":65,"431":65,"455":61,"478":733,"479":732,"489":72,"490":72,"511":68,"532":92,"533":84,"548":17,"549":11,"563":2783,"580":79,"581":79,"582":79,"583":94,"584":94,"588":79,"605":75,"621":1048,"640":75,"658":71,"677":3083,"678":3083,"679":3082,"690":1133,"691":1132,"692":1131,"713":2,"718":17,"723":3,"733":2,"743":2,"748":1,"753":10,"758":2,"763":1227,"768":6,"778":25,"783":4249,"793":3,"803":2,"808":43,"818":3,"819":3,"820":3,"830":4,"835":4,"840":5,"841":5,"851":3,"861":10,"871":4,"872":1,"874":1,"876":1,"878":1,"886":11,"887":11,"899":6927,"904":1,"912":33,"913":33,"914":33,"925":2925,"949":137,"951":136,"953":133,"957":325,"972":800,"985":159,"986":159,"990":113,"991":1,"992":112,"993":111,"997":50,"998":50,"1002":95,"1003":95,"1011":7682,"1012":12,"1015":7682,"1016":12,"1019":7682,"1023":3970,"1024":3964,"1026":6,"1030":420,"1034":4530,"1038":12},"path":"E:\\CODE\\Lens\\Lens_Running\\contracts\\core\\LensHub.sol","s":{"1":4530,"2":14,"3":13,"4":12,"5":12,"6":9,"7":9,"8":9,"9":24,"10":96,"11":96,"12":95,"13":987,"14":103,"15":102,"16":884,"17":977,"18":168,"19":166,"20":672,"21":670,"22":480,"23":478,"24":3084,"25":3038,"26":7460,"27":74,"28":311,"29":309,"30":43,"31":39,"32":109,"33":108,"34":43,"35":39,"36":75,"37":74,"38":43,"39":39,"40":25,"41":24,"42":30,"43":26,"44":2872,"45":2870,"46":59,"47":55,"48":265,"49":264,"50":65,"51":61,"52":733,"53":732,"54":72,"55":68,"56":92,"57":84,"58":17,"59":11,"60":2783,"61":79,"62":79,"63":79,"64":94,"65":75,"66":1048,"67":71,"68":3083,"69":3083,"70":3082,"71":1133,"72":1132,"73":1131,"74":2,"75":17,"76":3,"77":2,"78":2,"79":1,"80":10,"81":2,"82":1227,"83":6,"84":25,"85":4249,"86":3,"87":2,"88":43,"89":3,"90":3,"91":3,"92":4,"93":4,"94":5,"95":5,"96":3,"97":10,"98":4,"99":1,"100":3,"101":1,"102":2,"103":1,"104":1,"105":11,"106":11,"107":6927,"108":1,"109":33,"110":33,"111":33,"112":137,"113":136,"114":133,"115":159,"116":159,"117":113,"118":112,"119":111,"120":50,"121":50,"122":95,"123":95,"124":7682,"125":12,"126":7682,"127":12,"128":7682,"129":3970,"130":3964,"131":420,"132":4530,"133":12},"b":{"1":[1,13],"2":[1,12],"3":[103,884],"4":[1,102],"5":[6,878],"6":[1,7459],"7":[1,3082],"8":[1,1131],"9":[1,3],"10":[1,2],"11":[1,1],"12":[1,136],"13":[1,112],"14":[12,7670],"15":[12,7670],"16":[3964,6],"17":[3,417],"18":[6,4524]},"f":{"1":4530,"2":14,"3":9,"4":24,"5":96,"6":987,"7":168,"8":672,"9":480,"10":3084,"11":7460,"12":74,"13":67,"14":311,"15":43,"16":109,"17":43,"18":75,"19":43,"20":25,"21":30,"22":2872,"23":59,"24":265,"25":65,"26":733,"27":72,"28":92,"29":17,"30":2783,"31":79,"32":1048,"33":75,"34":3083,"35":1133,"36":2,"37":17,"38":3,"39":2,"40":2,"41":1,"42":10,"43":2,"44":1227,"45":6,"46":25,"47":4249,"48":3,"49":2,"50":43,"51":3,"52":4,"53":5,"54":3,"55":10,"56":4,"57":11,"58":6927,"59":1,"60":33,"61":2925,"62":137,"63":325,"64":800,"65":159,"66":113,"67":50,"68":95,"69":7682,"70":3970,"71":420,"72":4530,"73":12},"fnMap":{"1":{"name":"onlyGov","line":41,"loc":{"start":{"line":41,"column":4},"end":{"line":44,"column":4}}},"2":{"name":"constructor","line":52,"loc":{"start":{"line":52,"column":4},"end":{"line":57,"column":4}}},"3":{"name":"initialize","line":64,"loc":{"start":{"line":60,"column":4},"end":{"line":68,"column":4}}},"4":{"name":"setGovernance","line":75,"loc":{"start":{"line":75,"column":4},"end":{"line":77,"column":4}}},"5":{"name":"setEmergencyAdmin","line":80,"loc":{"start":{"line":80,"column":4},"end":{"line":89,"column":4}}},"6":{"name":"setState","line":92,"loc":{"start":{"line":92,"column":4},"end":{"line":101,"column":4}}},"7":{"name":"whitelistProfileCreator","line":107,"loc":{"start":{"line":104,"column":4},"end":{"line":111,"column":4}}},"8":{"name":"whitelistFollowModule","line":114,"loc":{"start":{"line":114,"column":4},"end":{"line":117,"column":4}}},"9":{"name":"whitelistReferenceModule","line":123,"loc":{"start":{"line":120,"column":4},"end":{"line":127,"column":4}}},"10":{"name":"whitelistCollectModule","line":133,"loc":{"start":{"line":130,"column":4},"end":{"line":137,"column":4}}},"11":{"name":"createProfile","line":147,"loc":{"start":{"line":144,"column":4},"end":{"line":163,"column":4}}},"12":{"name":"setDefaultProfile","line":166,"loc":{"start":{"line":166,"column":4},"end":{"line":168,"column":4}}},"13":{"name":"setDefaultProfileWithSig","line":174,"loc":{"start":{"line":171,"column":4},"end":{"line":194,"column":4}}},"14":{"name":"setFollowModule","line":201,"loc":{"start":{"line":197,"column":4},"end":{"line":210,"column":4}}},"15":{"name":"setFollowModuleWithSig","line":216,"loc":{"start":{"line":213,"column":4},"end":{"line":244,"column":4}}},"16":{"name":"setDispatcher","line":247,"loc":{"start":{"line":247,"column":4},"end":{"line":250,"column":4}}},"17":{"name":"setDispatcherWithSig","line":256,"loc":{"start":{"line":253,"column":4},"end":{"line":277,"column":4}}},"18":{"name":"setProfileImageURI","line":283,"loc":{"start":{"line":280,"column":4},"end":{"line":287,"column":4}}},"19":{"name":"setProfileImageURIWithSig","line":293,"loc":{"start":{"line":290,"column":4},"end":{"line":314,"column":4}}},"20":{"name":"setFollowNFTURI","line":320,"loc":{"start":{"line":317,"column":4},"end":{"line":324,"column":4}}},"21":{"name":"setFollowNFTURIWithSig","line":330,"loc":{"start":{"line":327,"column":4},"end":{"line":351,"column":4}}},"22":{"name":"post","line":357,"loc":{"start":{"line":354,"column":4},"end":{"line":370,"column":4}}},"23":{"name":"postWithSig","line":376,"loc":{"start":{"line":373,"column":4},"end":{"line":410,"column":4}}},"24":{"name":"comment","line":416,"loc":{"start":{"line":413,"column":4},"end":{"line":421,"column":4}}},"25":{"name":"commentWithSig","line":427,"loc":{"start":{"line":424,"column":4},"end":{"line":469,"column":4}}},"26":{"name":"mirror","line":475,"loc":{"start":{"line":472,"column":4},"end":{"line":480,"column":4}}},"27":{"name":"mirrorWithSig","line":486,"loc":{"start":{"line":483,"column":4},"end":{"line":522,"column":4}}},"28":{"name":"burn","line":531,"loc":{"start":{"line":531,"column":4},"end":{"line":534,"column":4}}},"29":{"name":"burnWithSig","line":546,"loc":{"start":{"line":543,"column":4},"end":{"line":550,"column":4}}},"30":{"name":"follow","line":560,"loc":{"start":{"line":557,"column":4},"end":{"line":571,"column":4}}},"31":{"name":"followWithSig","line":577,"loc":{"start":{"line":574,"column":4},"end":{"line":613,"column":4}}},"32":{"name":"collect","line":620,"loc":{"start":{"line":616,"column":4},"end":{"line":631,"column":4}}},"33":{"name":"collectWithSig","line":637,"loc":{"start":{"line":634,"column":4},"end":{"line":668,"column":4}}},"34":{"name":"emitFollowNFTTransferEvent","line":671,"loc":{"start":{"line":671,"column":4},"end":{"line":680,"column":4}}},"35":{"name":"emitCollectNFTTransferEvent","line":683,"loc":{"start":{"line":683,"column":4},"end":{"line":700,"column":4}}},"36":{"name":"isProfileCreatorWhitelisted","line":707,"loc":{"start":{"line":707,"column":4},"end":{"line":714,"column":4}}},"37":{"name":"defaultProfile","line":717,"loc":{"start":{"line":717,"column":4},"end":{"line":719,"column":4}}},"38":{"name":"isFollowModuleWhitelisted","line":722,"loc":{"start":{"line":722,"column":4},"end":{"line":724,"column":4}}},"39":{"name":"isReferenceModuleWhitelisted","line":727,"loc":{"start":{"line":727,"column":4},"end":{"line":734,"column":4}}},"40":{"name":"isCollectModuleWhitelisted","line":737,"loc":{"start":{"line":737,"column":4},"end":{"line":744,"column":4}}},"41":{"name":"getGovernance","line":747,"loc":{"start":{"line":747,"column":4},"end":{"line":749,"column":4}}},"42":{"name":"getDispatcher","line":752,"loc":{"start":{"line":752,"column":4},"end":{"line":754,"column":4}}},"43":{"name":"getPubCount","line":757,"loc":{"start":{"line":757,"column":4},"end":{"line":759,"column":4}}},"44":{"name":"getFollowNFT","line":762,"loc":{"start":{"line":762,"column":4},"end":{"line":764,"column":4}}},"45":{"name":"getFollowNFTURI","line":767,"loc":{"start":{"line":767,"column":4},"end":{"line":769,"column":4}}},"46":{"name":"getCollectNFT","line":772,"loc":{"start":{"line":772,"column":4},"end":{"line":779,"column":4}}},"47":{"name":"getFollowModule","line":782,"loc":{"start":{"line":782,"column":4},"end":{"line":784,"column":4}}},"48":{"name":"getCollectModule","line":787,"loc":{"start":{"line":787,"column":4},"end":{"line":794,"column":4}}},"49":{"name":"getReferenceModule","line":797,"loc":{"start":{"line":797,"column":4},"end":{"line":804,"column":4}}},"50":{"name":"getHandle","line":807,"loc":{"start":{"line":807,"column":4},"end":{"line":809,"column":4}}},"51":{"name":"getPubPointer","line":812,"loc":{"start":{"line":812,"column":4},"end":{"line":821,"column":4}}},"52":{"name":"getContentURI","line":824,"loc":{"start":{"line":824,"column":4},"end":{"line":836,"column":4}}},"53":{"name":"getProfileIdByHandle","line":839,"loc":{"start":{"line":839,"column":4},"end":{"line":842,"column":4}}},"54":{"name":"getProfile","line":845,"loc":{"start":{"line":845,"column":4},"end":{"line":852,"column":4}}},"55":{"name":"getPub","line":855,"loc":{"start":{"line":855,"column":4},"end":{"line":862,"column":4}}},"56":{"name":"getPubType","line":865,"loc":{"start":{"line":865,"column":4},"end":{"line":880,"column":4}}},"57":{"name":"tokenURI","line":885,"loc":{"start":{"line":885,"column":4},"end":{"line":895,"column":4}}},"58":{"name":"getFollowNFTImpl","line":898,"loc":{"start":{"line":898,"column":4},"end":{"line":900,"column":4}}},"59":{"name":"getCollectNFTImpl","line":903,"loc":{"start":{"line":903,"column":4},"end":{"line":905,"column":4}}},"60":{"name":"_setGovernance","line":911,"loc":{"start":{"line":911,"column":4},"end":{"line":915,"column":4}}},"61":{"name":"_createPost","line":917,"loc":{"start":{"line":917,"column":4},"end":{"line":941,"column":4}}},"62":{"name":"_setDefaultProfile","line":948,"loc":{"start":{"line":948,"column":4},"end":{"line":954,"column":4}}},"63":{"name":"_createComment","line":956,"loc":{"start":{"line":956,"column":4},"end":{"line":969,"column":4}}},"64":{"name":"_createMirror","line":971,"loc":{"start":{"line":971,"column":4},"end":{"line":982,"column":4}}},"65":{"name":"_setDispatcher","line":984,"loc":{"start":{"line":984,"column":4},"end":{"line":987,"column":4}}},"66":{"name":"_setProfileImageURI","line":989,"loc":{"start":{"line":989,"column":4},"end":{"line":994,"column":4}}},"67":{"name":"_setFollowNFTURI","line":996,"loc":{"start":{"line":996,"column":4},"end":{"line":999,"column":4}}},"68":{"name":"_clearHandleHash","line":1001,"loc":{"start":{"line":1001,"column":4},"end":{"line":1004,"column":4}}},"69":{"name":"_beforeTokenTransfer","line":1010,"loc":{"start":{"line":1006,"column":4},"end":{"line":1020,"column":4}}},"70":{"name":"_validateCallerIsProfileOwnerOrDispatcher","line":1022,"loc":{"start":{"line":1022,"column":4},"end":{"line":1027,"column":4}}},"71":{"name":"_validateCallerIsProfileOwner","line":1029,"loc":{"start":{"line":1029,"column":4},"end":{"line":1031,"column":4}}},"72":{"name":"_validateCallerIsGovernance","line":1033,"loc":{"start":{"line":1033,"column":4},"end":{"line":1035,"column":4}}},"73":{"name":"getRevision","line":1037,"loc":{"start":{"line":1037,"column":4},"end":{"line":1039,"column":4}}}},"statementMap":{"1":{"start":{"line":42,"column":8},"end":{"line":42,"column":36}},"2":{"start":{"line":53,"column":8},"end":{"line":53,"column":74}},"3":{"start":{"line":54,"column":8},"end":{"line":54,"column":75}},"4":{"start":{"line":55,"column":8},"end":{"line":55,"column":38}},"5":{"start":{"line":56,"column":8},"end":{"line":56,"column":40}},"6":{"start":{"line":65,"column":8},"end":{"line":65,"column":38}},"7":{"start":{"line":66,"column":8},"end":{"line":66,"column":48}},"8":{"start":{"line":67,"column":8},"end":{"line":67,"column":36}},"9":{"start":{"line":76,"column":8},"end":{"line":76,"column":36}},"10":{"start":{"line":81,"column":8},"end":{"line":81,"column":52}},"11":{"start":{"line":82,"column":8},"end":{"line":82,"column":42}},"12":{"start":{"line":83,"column":8},"end":{"line":83,"column":3483}},"13":{"start":{"line":93,"column":8},"end":{"line":93,"column":3769}},"14":{"start":{"line":94,"column":12},"end":{"line":94,"column":3870}},"15":{"start":{"line":96,"column":12},"end":{"line":96,"column":31}},"16":{"start":{"line":97,"column":15},"end":{"line":97,"column":3982}},"17":{"start":{"line":100,"column":8},"end":{"line":100,"column":26}},"18":{"start":{"line":109,"column":8},"end":{"line":109,"column":61}},"19":{"start":{"line":110,"column":8},"end":{"line":110,"column":89}},"20":{"start":{"line":115,"column":8},"end":{"line":115,"column":57}},"21":{"start":{"line":116,"column":8},"end":{"line":116,"column":85}},"22":{"start":{"line":125,"column":8},"end":{"line":125,"column":63}},"23":{"start":{"line":126,"column":8},"end":{"line":126,"column":91}},"24":{"start":{"line":135,"column":8},"end":{"line":135,"column":59}},"25":{"start":{"line":136,"column":8},"end":{"line":136,"column":87}},"26":{"start":{"line":150,"column":8},"end":{"line":150,"column":97}},"27":{"start":{"line":167,"column":8},"end":{"line":167,"column":48}},"28":{"start":{"line":202,"column":8},"end":{"line":202,"column":47}},"29":{"start":{"line":203,"column":8},"end":{"line":203,"column":7507}},"30":{"start":{"line":218,"column":8},"end":{"line":218,"column":47}},"31":{"start":{"line":237,"column":8},"end":{"line":237,"column":8601}},"32":{"start":{"line":248,"column":8},"end":{"line":248,"column":47}},"33":{"start":{"line":249,"column":8},"end":{"line":249,"column":44}},"34":{"start":{"line":258,"column":8},"end":{"line":258,"column":47}},"35":{"start":{"line":276,"column":8},"end":{"line":276,"column":54}},"36":{"start":{"line":285,"column":8},"end":{"line":285,"column":59}},"37":{"start":{"line":286,"column":8},"end":{"line":286,"column":47}},"38":{"start":{"line":295,"column":8},"end":{"line":295,"column":47}},"39":{"start":{"line":313,"column":8},"end":{"line":313,"column":57}},"40":{"start":{"line":322,"column":8},"end":{"line":322,"column":59}},"41":{"start":{"line":323,"column":8},"end":{"line":323,"column":48}},"42":{"start":{"line":332,"column":8},"end":{"line":332,"column":47}},"43":{"start":{"line":350,"column":8},"end":{"line":350,"column":58}},"44":{"start":{"line":360,"column":8},"end":{"line":360,"column":64}},"45":{"start":{"line":361,"column":8},"end":{"line":361,"column":12586}},"46":{"start":{"line":379,"column":8},"end":{"line":379,"column":47}},"47":{"start":{"line":401,"column":8},"end":{"line":401,"column":13943}},"48":{"start":{"line":419,"column":8},"end":{"line":419,"column":64}},"49":{"start":{"line":420,"column":8},"end":{"line":420,"column":35}},"50":{"start":{"line":430,"column":8},"end":{"line":430,"column":47}},"51":{"start":{"line":455,"column":8},"end":{"line":455,"column":15780}},"52":{"start":{"line":478,"column":8},"end":{"line":478,"column":64}},"53":{"start":{"line":479,"column":8},"end":{"line":479,"column":34}},"54":{"start":{"line":489,"column":8},"end":{"line":489,"column":47}},"55":{"start":{"line":511,"column":8},"end":{"line":511,"column":17647}},"56":{"start":{"line":532,"column":8},"end":{"line":532,"column":26}},"57":{"start":{"line":533,"column":8},"end":{"line":533,"column":32}},"58":{"start":{"line":548,"column":8},"end":{"line":548,"column":38}},"59":{"start":{"line":549,"column":8},"end":{"line":549,"column":32}},"60":{"start":{"line":563,"column":8},"end":{"line":563,"column":19357}},"61":{"start":{"line":580,"column":8},"end":{"line":580,"column":46}},"62":{"start":{"line":581,"column":8},"end":{"line":581,"column":63}},"63":{"start":{"line":582,"column":8},"end":{"line":582,"column":19902}},"64":{"start":{"line":583,"column":12},"end":{"line":583,"column":51}},"65":{"start":{"line":605,"column":8},"end":{"line":605,"column":20708}},"66":{"start":{"line":621,"column":8},"end":{"line":621,"column":21146}},"67":{"start":{"line":658,"column":8},"end":{"line":658,"column":22246}},"68":{"start":{"line":677,"column":8},"end":{"line":677,"column":69}},"69":{"start":{"line":678,"column":8},"end":{"line":678,"column":79}},"70":{"start":{"line":679,"column":8},"end":{"line":679,"column":91}},"71":{"start":{"line":690,"column":8},"end":{"line":690,"column":83}},"72":{"start":{"line":691,"column":8},"end":{"line":691,"column":81}},"73":{"start":{"line":692,"column":8},"end":{"line":692,"column":23399}},"74":{"start":{"line":713,"column":8},"end":{"line":713,"column":57}},"75":{"start":{"line":718,"column":8},"end":{"line":718,"column":47}},"76":{"start":{"line":723,"column":8},"end":{"line":723,"column":53}},"77":{"start":{"line":733,"column":8},"end":{"line":733,"column":59}},"78":{"start":{"line":743,"column":8},"end":{"line":743,"column":55}},"79":{"start":{"line":748,"column":8},"end":{"line":748,"column":26}},"80":{"start":{"line":753,"column":8},"end":{"line":753,"column":46}},"81":{"start":{"line":758,"column":8},"end":{"line":758,"column":47}},"82":{"start":{"line":763,"column":8},"end":{"line":763,"column":48}},"83":{"start":{"line":768,"column":8},"end":{"line":768,"column":51}},"84":{"start":{"line":778,"column":8},"end":{"line":778,"column":61}},"85":{"start":{"line":783,"column":8},"end":{"line":783,"column":51}},"86":{"start":{"line":793,"column":8},"end":{"line":793,"column":64}},"87":{"start":{"line":803,"column":8},"end":{"line":803,"column":66}},"88":{"start":{"line":808,"column":8},"end":{"line":808,"column":45}},"89":{"start":{"line":818,"column":8},"end":{"line":818,"column":87}},"90":{"start":{"line":819,"column":8},"end":{"line":819,"column":79}},"91":{"start":{"line":820,"column":8},"end":{"line":820,"column":47}},"92":{"start":{"line":830,"column":8},"end":{"line":830,"column":27434}},"93":{"start":{"line":835,"column":8},"end":{"line":835,"column":69}},"94":{"start":{"line":840,"column":8},"end":{"line":840,"column":53}},"95":{"start":{"line":841,"column":8},"end":{"line":841,"column":49}},"96":{"start":{"line":851,"column":8},"end":{"line":851,"column":38}},"97":{"start":{"line":861,"column":8},"end":{"line":861,"column":50}},"98":{"start":{"line":871,"column":8},"end":{"line":871,"column":28606}},"99":{"start":{"line":872,"column":12},"end":{"line":872,"column":48}},"100":{"start":{"line":873,"column":15},"end":{"line":873,"column":28735}},"101":{"start":{"line":874,"column":12},"end":{"line":874,"column":43}},"102":{"start":{"line":875,"column":15},"end":{"line":875,"column":28868}},"103":{"start":{"line":876,"column":12},"end":{"line":876,"column":41}},"104":{"start":{"line":878,"column":12},"end":{"line":878,"column":44}},"105":{"start":{"line":886,"column":8},"end":{"line":886,"column":59}},"106":{"start":{"line":887,"column":8},"end":{"line":887,"column":29346}},"107":{"start":{"line":899,"column":8},"end":{"line":899,"column":30}},"108":{"start":{"line":904,"column":8},"end":{"line":904,"column":31}},"109":{"start":{"line":912,"column":8},"end":{"line":912,"column":44}},"110":{"start":{"line":913,"column":8},"end":{"line":913,"column":34}},"111":{"start":{"line":914,"column":8},"end":{"line":914,"column":93}},"112":{"start":{"line":949,"column":8},"end":{"line":949,"column":90}},"113":{"start":{"line":951,"column":8},"end":{"line":951,"column":51}},"114":{"start":{"line":953,"column":8},"end":{"line":953,"column":73}},"115":{"start":{"line":985,"column":8},"end":{"line":985,"column":51}},"116":{"start":{"line":986,"column":8},"end":{"line":986,"column":73}},"117":{"start":{"line":990,"column":8},"end":{"line":990,"column":32992}},"118":{"start":{"line":992,"column":8},"end":{"line":992,"column":50}},"119":{"start":{"line":993,"column":8},"end":{"line":993,"column":76}},"120":{"start":{"line":997,"column":8},"end":{"line":997,"column":58}},"121":{"start":{"line":998,"column":8},"end":{"line":998,"column":77}},"122":{"start":{"line":1002,"column":8},"end":{"line":1002,"column":77}},"123":{"start":{"line":1003,"column":8},"end":{"line":1003,"column":45}},"124":{"start":{"line":1011,"column":8},"end":{"line":1011,"column":33810}},"125":{"start":{"line":1012,"column":12},"end":{"line":1012,"column":46}},"126":{"start":{"line":1015,"column":8},"end":{"line":1015,"column":33933}},"127":{"start":{"line":1016,"column":12},"end":{"line":1016,"column":45}},"128":{"start":{"line":1019,"column":8},"end":{"line":1019,"column":52}},"129":{"start":{"line":1023,"column":8},"end":{"line":1023,"column":34209}},"130":{"start":{"line":1024,"column":12},"end":{"line":1024,"column":18}},"131":{"start":{"line":1030,"column":8},"end":{"line":1030,"column":77}},"132":{"start":{"line":1034,"column":8},"end":{"line":1034,"column":68}},"133":{"start":{"line":1038,"column":8},"end":{"line":1038,"column":23}}},"branchMap":{"1":{"line":53,"type":"if","locations":[{"start":{"line":53,"column":8},"end":{"line":53,"column":8}},{"start":{"line":53,"column":8},"end":{"line":53,"column":8}}]},"2":{"line":54,"type":"if","locations":[{"start":{"line":54,"column":8},"end":{"line":54,"column":8}},{"start":{"line":54,"column":8},"end":{"line":54,"column":8}}]},"3":{"line":93,"type":"if","locations":[{"start":{"line":93,"column":8},"end":{"line":93,"column":8}},{"start":{"line":93,"column":8},"end":{"line":93,"column":8}}]},"4":{"line":94,"type":"if","locations":[{"start":{"line":94,"column":12},"end":{"line":94,"column":12}},{"start":{"line":94,"column":12},"end":{"line":94,"column":12}}]},"5":{"line":97,"type":"if","locations":[{"start":{"line":97,"column":15},"end":{"line":97,"column":15}},{"start":{"line":97,"column":15},"end":{"line":97,"column":15}}]},"6":{"line":150,"type":"if","locations":[{"start":{"line":150,"column":8},"end":{"line":150,"column":8}},{"start":{"line":150,"column":8},"end":{"line":150,"column":8}}]},"7":{"line":678,"type":"if","locations":[{"start":{"line":678,"column":8},"end":{"line":678,"column":8}},{"start":{"line":678,"column":8},"end":{"line":678,"column":8}}]},"8":{"line":691,"type":"if","locations":[{"start":{"line":691,"column":8},"end":{"line":691,"column":8}},{"start":{"line":691,"column":8},"end":{"line":691,"column":8}}]},"9":{"line":871,"type":"if","locations":[{"start":{"line":871,"column":8},"end":{"line":871,"column":8}},{"start":{"line":871,"column":8},"end":{"line":871,"column":8}}]},"10":{"line":873,"type":"if","locations":[{"start":{"line":873,"column":15},"end":{"line":873,"column":15}},{"start":{"line":873,"column":15},"end":{"line":873,"column":15}}]},"11":{"line":875,"type":"if","locations":[{"start":{"line":875,"column":15},"end":{"line":875,"column":15}},{"start":{"line":875,"column":15},"end":{"line":875,"column":15}}]},"12":{"line":949,"type":"if","locations":[{"start":{"line":949,"column":8},"end":{"line":949,"column":8}},{"start":{"line":949,"column":8},"end":{"line":949,"column":8}}]},"13":{"line":990,"type":"if","locations":[{"start":{"line":990,"column":8},"end":{"line":990,"column":8}},{"start":{"line":990,"column":8},"end":{"line":990,"column":8}}]},"14":{"line":1011,"type":"if","locations":[{"start":{"line":1011,"column":8},"end":{"line":1011,"column":8}},{"start":{"line":1011,"column":8},"end":{"line":1011,"column":8}}]},"15":{"line":1015,"type":"if","locations":[{"start":{"line":1015,"column":8},"end":{"line":1015,"column":8}},{"start":{"line":1015,"column":8},"end":{"line":1015,"column":8}}]},"16":{"line":1023,"type":"if","locations":[{"start":{"line":1023,"column":8},"end":{"line":1023,"column":8}},{"start":{"line":1023,"column":8},"end":{"line":1023,"column":8}}]},"17":{"line":1030,"type":"if","locations":[{"start":{"line":1030,"column":8},"end":{"line":1030,"column":8}},{"start":{"line":1030,"column":8},"end":{"line":1030,"column":8}}]},"18":{"line":1034,"type":"if","locations":[{"start":{"line":1034,"column":8},"end":{"line":1034,"column":8}},{"start":{"line":1034,"column":8},"end":{"line":1034,"column":8}}]}}},"contracts\\core\\modules\\collect\\FeeCollectModule.sol":{"l":{"67":270,"74":270,"81":266,"82":266,"83":266,"84":266,"85":266,"87":247,"102":151,"103":137,"104":149,"105":89,"107":60,"125":1,"134":89,"135":89,"136":89,"138":87,"139":87,"140":87,"141":87,"143":87,"144":82,"145":58,"155":60,"156":60,"157":60,"159":58,"160":58,"161":58,"164":58,"165":58,"166":58,"167":58,"170":58,"172":58,"175":29,"176":29,"178":29,"180":29,"182":58,"184":58,"185":55,"186":30},"path":"E:\\CODE\\Lens\\Lens_Running\\contracts\\core\\modules\\collect\\FeeCollectModule.sol","s":{"1":270,"2":270,"3":266,"4":266,"5":266,"6":266,"7":266,"8":247,"9":151,"10":137,"11":149,"12":89,"13":60,"14":1,"15":89,"16":89,"17":89,"18":87,"19":87,"20":87,"21":87,"22":87,"23":82,"24":58,"25":60,"26":60,"27":60,"28":58,"29":58,"30":58,"31":58,"32":58,"33":58,"34":58,"35":58,"36":29,"37":29,"38":29,"39":29,"40":58,"41":58,"42":55,"43":30},"b":{"1":[4,266],"2":[137,14],"3":[89,60],"4":[58,24],"5":[29,29],"6":[30,25]},"f":{"1":3,"2":270,"3":151,"4":1,"5":89,"6":60},"fnMap":{"1":{"name":"constructor","line":46,"loc":{"start":{"line":46,"column":4},"end":{"line":46,"column":98}}},"2":{"name":"initializePublicationCollectModule","line":66,"loc":{"start":{"line":62,"column":4},"end":{"line":88,"column":4}}},"3":{"name":"processCollect","line":101,"loc":{"start":{"line":95,"column":4},"end":{"line":109,"column":4}}},"4":{"name":"getPublicationData","line":120,"loc":{"start":{"line":120,"column":4},"end":{"line":126,"column":4}}},"5":{"name":"_processCollect","line":128,"loc":{"start":{"line":128,"column":4},"end":{"line":146,"column":4}}},"6":{"name":"_processCollectWithReferral","line":148,"loc":{"start":{"line":148,"column":4},"end":{"line":187,"column":4}}}},"statementMap":{"1":{"start":{"line":67,"column":8},"end":{"line":67,"column":3037}},"2":{"start":{"line":74,"column":8},"end":{"line":74,"column":3250}},"3":{"start":{"line":81,"column":8},"end":{"line":81,"column":68}},"4":{"start":{"line":82,"column":8},"end":{"line":82,"column":72}},"5":{"start":{"line":83,"column":8},"end":{"line":83,"column":74}},"6":{"start":{"line":84,"column":8},"end":{"line":84,"column":78}},"7":{"start":{"line":85,"column":8},"end":{"line":85,"column":80}},"8":{"start":{"line":87,"column":8},"end":{"line":87,"column":19}},"9":{"start":{"line":102,"column":8},"end":{"line":102,"column":4248}},"10":{"start":{"line":103,"column":12},"end":{"line":103,"column":53}},"11":{"start":{"line":104,"column":8},"end":{"line":104,"column":4332}},"12":{"start":{"line":105,"column":12},"end":{"line":105,"column":61}},"13":{"start":{"line":107,"column":12},"end":{"line":107,"column":92}},"14":{"start":{"line":125,"column":8},"end":{"line":125,"column":60}},"15":{"start":{"line":134,"column":8},"end":{"line":134,"column":77}},"16":{"start":{"line":135,"column":8},"end":{"line":135,"column":81}},"17":{"start":{"line":136,"column":8},"end":{"line":136,"column":54}},"18":{"start":{"line":138,"column":8},"end":{"line":138,"column":64}},"19":{"start":{"line":139,"column":8},"end":{"line":139,"column":83}},"20":{"start":{"line":140,"column":8},"end":{"line":140,"column":65}},"21":{"start":{"line":141,"column":8},"end":{"line":141,"column":56}},"22":{"start":{"line":143,"column":8},"end":{"line":143,"column":78}},"23":{"start":{"line":144,"column":8},"end":{"line":144,"column":6073}},"24":{"start":{"line":145,"column":12},"end":{"line":145,"column":81}},"25":{"start":{"line":155,"column":8},"end":{"line":155,"column":77}},"26":{"start":{"line":156,"column":8},"end":{"line":156,"column":81}},"27":{"start":{"line":157,"column":8},"end":{"line":157,"column":54}},"28":{"start":{"line":159,"column":8},"end":{"line":159,"column":87}},"29":{"start":{"line":160,"column":8},"end":{"line":160,"column":24}},"30":{"start":{"line":161,"column":8},"end":{"line":161,"column":30}},"31":{"start":{"line":165,"column":12},"end":{"line":165,"column":30}},"32":{"start":{"line":166,"column":12},"end":{"line":166,"column":52}},"33":{"start":{"line":167,"column":12},"end":{"line":167,"column":60}},"34":{"start":{"line":170,"column":8},"end":{"line":170,"column":56}},"35":{"start":{"line":172,"column":8},"end":{"line":172,"column":6980}},"36":{"start":{"line":175,"column":12},"end":{"line":175,"column":77}},"37":{"start":{"line":176,"column":12},"end":{"line":176,"column":59}},"38":{"start":{"line":178,"column":12},"end":{"line":178,"column":79}},"39":{"start":{"line":180,"column":12},"end":{"line":180,"column":90}},"40":{"start":{"line":182,"column":8},"end":{"line":182,"column":83}},"41":{"start":{"line":184,"column":8},"end":{"line":184,"column":78}},"42":{"start":{"line":185,"column":8},"end":{"line":185,"column":7797}},"43":{"start":{"line":186,"column":12},"end":{"line":186,"column":81}}},"branchMap":{"1":{"line":74,"type":"if","locations":[{"start":{"line":74,"column":8},"end":{"line":74,"column":8}},{"start":{"line":74,"column":8},"end":{"line":74,"column":8}}]},"2":{"line":102,"type":"if","locations":[{"start":{"line":102,"column":8},"end":{"line":102,"column":8}},{"start":{"line":102,"column":8},"end":{"line":102,"column":8}}]},"3":{"line":104,"type":"if","locations":[{"start":{"line":104,"column":8},"end":{"line":104,"column":8}},{"start":{"line":104,"column":8},"end":{"line":104,"column":8}}]},"4":{"line":144,"type":"if","locations":[{"start":{"line":144,"column":8},"end":{"line":144,"column":8}},{"start":{"line":144,"column":8},"end":{"line":144,"column":8}}]},"5":{"line":172,"type":"if","locations":[{"start":{"line":172,"column":8},"end":{"line":172,"column":8}},{"start":{"line":172,"column":8},"end":{"line":172,"column":8}}]},"6":{"line":185,"type":"if","locations":[{"start":{"line":185,"column":8},"end":{"line":185,"column":8}},{"start":{"line":185,"column":8},"end":{"line":185,"column":8}}]}}},"contracts\\core\\modules\\collect\\FreeCollectModule.sol":{"l":{"30":2106,"31":2106,"32":2106,"46":493,"47":454},"path":"E:\\CODE\\Lens\\Lens_Running\\contracts\\core\\modules\\collect\\FreeCollectModule.sol","s":{"1":2106,"2":2106,"3":2067,"4":2106,"5":493,"6":454},"b":{"1":[2067,39],"2":[454,36]},"f":{"1":3,"2":2106,"3":493},"fnMap":{"1":{"name":"constructor","line":18,"loc":{"start":{"line":18,"column":4},"end":{"line":18,"column":46}}},"2":{"name":"initializePublicationCollectModule","line":29,"loc":{"start":{"line":25,"column":4},"end":{"line":33,"column":4}}},"3":{"name":"processCollect","line":39,"loc":{"start":{"line":39,"column":4},"end":{"line":48,"column":4}}}},"statementMap":{"1":{"start":{"line":30,"column":8},"end":{"line":30,"column":52}},"2":{"start":{"line":31,"column":8},"end":{"line":31,"column":86}},"3":{"start":{"line":31,"column":26},"end":{"line":31,"column":85}},"4":{"start":{"line":32,"column":8},"end":{"line":32,"column":19}},"5":{"start":{"line":46,"column":8},"end":{"line":46,"column":1541}},"6":{"start":{"line":47,"column":12},"end":{"line":47,"column":53}}},"branchMap":{"1":{"line":31,"type":"if","locations":[{"start":{"line":31,"column":8},"end":{"line":31,"column":8}},{"start":{"line":31,"column":8},"end":{"line":31,"column":8}}]},"2":{"line":46,"type":"if","locations":[{"start":{"line":46,"column":8},"end":{"line":46,"column":8}},{"start":{"line":46,"column":8},"end":{"line":46,"column":8}}]}}},"contracts\\core\\modules\\collect\\LimitedFeeCollectModule.sol":{"l":{"72":257,"80":257,"88":252,"89":252,"90":252,"91":252,"92":252,"93":234,"95":234,"111":170,"112":155,"113":168,"117":2,"119":166,"120":166,"121":91,"123":75,"142":1,"151":91,"152":91,"153":91,"155":89,"156":89,"157":89,"158":89,"160":89,"161":86,"162":74,"172":75,"173":75,"174":75,"176":73,"177":73,"178":73,"181":73,"182":73,"183":73,"184":73,"187":73,"189":73,"192":58,"193":58,"195":58,"197":58,"199":73,"201":73,"202":72,"203":58},"path":"E:\\CODE\\Lens\\Lens_Running\\contracts\\core\\modules\\collect\\LimitedFeeCollectModule.sol","s":{"1":257,"2":257,"3":252,"4":252,"5":252,"6":252,"7":252,"8":234,"9":234,"10":170,"11":155,"12":168,"13":166,"14":91,"15":75,"16":1,"17":91,"18":91,"19":91,"20":89,"21":89,"22":89,"23":89,"24":89,"25":86,"26":74,"27":75,"28":75,"29":75,"30":73,"31":73,"32":73,"33":73,"34":73,"35":73,"36":73,"37":73,"38":58,"39":58,"40":58,"41":58,"42":73,"43":73,"44":72,"45":58},"b":{"1":[5,252],"2":[155,15],"3":[2,166],"4":[91,75],"5":[74,12],"6":[58,15],"7":[58,14]},"f":{"1":3,"2":257,"3":170,"4":1,"5":91,"6":75},"fnMap":{"1":{"name":"constructor","line":50,"loc":{"start":{"line":50,"column":4},"end":{"line":50,"column":98}}},"2":{"name":"initializePublicationCollectModule","line":71,"loc":{"start":{"line":67,"column":4},"end":{"line":96,"column":4}}},"3":{"name":"processCollect","line":110,"loc":{"start":{"line":104,"column":4},"end":{"line":126,"column":4}}},"4":{"name":"getPublicationData","line":137,"loc":{"start":{"line":137,"column":4},"end":{"line":143,"column":4}}},"5":{"name":"_processCollect","line":145,"loc":{"start":{"line":145,"column":4},"end":{"line":163,"column":4}}},"6":{"name":"_processCollectWithReferral","line":165,"loc":{"start":{"line":165,"column":4},"end":{"line":204,"column":4}}}},"statementMap":{"1":{"start":{"line":72,"column":8},"end":{"line":72,"column":3353}},"2":{"start":{"line":80,"column":8},"end":{"line":80,"column":3601}},"3":{"start":{"line":88,"column":8},"end":{"line":88,"column":80}},"4":{"start":{"line":89,"column":8},"end":{"line":89,"column":68}},"5":{"start":{"line":90,"column":8},"end":{"line":90,"column":72}},"6":{"start":{"line":91,"column":8},"end":{"line":91,"column":74}},"7":{"start":{"line":92,"column":8},"end":{"line":92,"column":78}},"8":{"start":{"line":93,"column":8},"end":{"line":93,"column":80}},"9":{"start":{"line":95,"column":8},"end":{"line":95,"column":19}},"10":{"start":{"line":111,"column":8},"end":{"line":111,"column":4774}},"11":{"start":{"line":112,"column":12},"end":{"line":112,"column":53}},"12":{"start":{"line":113,"column":8},"end":{"line":113,"column":4858}},"13":{"start":{"line":120,"column":12},"end":{"line":120,"column":5187}},"14":{"start":{"line":121,"column":16},"end":{"line":121,"column":65}},"15":{"start":{"line":123,"column":16},"end":{"line":123,"column":96}},"16":{"start":{"line":142,"column":8},"end":{"line":142,"column":60}},"17":{"start":{"line":151,"column":8},"end":{"line":151,"column":77}},"18":{"start":{"line":152,"column":8},"end":{"line":152,"column":81}},"19":{"start":{"line":153,"column":8},"end":{"line":153,"column":54}},"20":{"start":{"line":155,"column":8},"end":{"line":155,"column":64}},"21":{"start":{"line":156,"column":8},"end":{"line":156,"column":83}},"22":{"start":{"line":157,"column":8},"end":{"line":157,"column":65}},"23":{"start":{"line":158,"column":8},"end":{"line":158,"column":56}},"24":{"start":{"line":160,"column":8},"end":{"line":160,"column":78}},"25":{"start":{"line":161,"column":8},"end":{"line":161,"column":6951}},"26":{"start":{"line":162,"column":12},"end":{"line":162,"column":81}},"27":{"start":{"line":172,"column":8},"end":{"line":172,"column":77}},"28":{"start":{"line":173,"column":8},"end":{"line":173,"column":81}},"29":{"start":{"line":174,"column":8},"end":{"line":174,"column":54}},"30":{"start":{"line":176,"column":8},"end":{"line":176,"column":87}},"31":{"start":{"line":177,"column":8},"end":{"line":177,"column":24}},"32":{"start":{"line":178,"column":8},"end":{"line":178,"column":30}},"33":{"start":{"line":182,"column":12},"end":{"line":182,"column":30}},"34":{"start":{"line":183,"column":12},"end":{"line":183,"column":52}},"35":{"start":{"line":184,"column":12},"end":{"line":184,"column":60}},"36":{"start":{"line":187,"column":8},"end":{"line":187,"column":56}},"37":{"start":{"line":189,"column":8},"end":{"line":189,"column":7858}},"38":{"start":{"line":192,"column":12},"end":{"line":192,"column":77}},"39":{"start":{"line":193,"column":12},"end":{"line":193,"column":59}},"40":{"start":{"line":195,"column":12},"end":{"line":195,"column":79}},"41":{"start":{"line":197,"column":12},"end":{"line":197,"column":90}},"42":{"start":{"line":199,"column":8},"end":{"line":199,"column":83}},"43":{"start":{"line":201,"column":8},"end":{"line":201,"column":78}},"44":{"start":{"line":202,"column":8},"end":{"line":202,"column":8675}},"45":{"start":{"line":203,"column":12},"end":{"line":203,"column":81}}},"branchMap":{"1":{"line":80,"type":"if","locations":[{"start":{"line":80,"column":8},"end":{"line":80,"column":8}},{"start":{"line":80,"column":8},"end":{"line":80,"column":8}}]},"2":{"line":111,"type":"if","locations":[{"start":{"line":111,"column":8},"end":{"line":111,"column":8}},{"start":{"line":111,"column":8},"end":{"line":111,"column":8}}]},"3":{"line":113,"type":"if","locations":[{"start":{"line":113,"column":8},"end":{"line":113,"column":8}},{"start":{"line":113,"column":8},"end":{"line":113,"column":8}}]},"4":{"line":120,"type":"if","locations":[{"start":{"line":120,"column":12},"end":{"line":120,"column":12}},{"start":{"line":120,"column":12},"end":{"line":120,"column":12}}]},"5":{"line":161,"type":"if","locations":[{"start":{"line":161,"column":8},"end":{"line":161,"column":8}},{"start":{"line":161,"column":8},"end":{"line":161,"column":8}}]},"6":{"line":189,"type":"if","locations":[{"start":{"line":189,"column":8},"end":{"line":189,"column":8}},{"start":{"line":189,"column":8},"end":{"line":189,"column":8}}]},"7":{"line":202,"type":"if","locations":[{"start":{"line":202,"column":8},"end":{"line":202,"column":8}},{"start":{"line":202,"column":8},"end":{"line":202,"column":8}}]}}},"contracts\\core\\modules\\collect\\LimitedTimedFeeCollectModule.sol":{"l":{"77":285,"131":173,"132":158,"133":171,"134":171,"136":169,"140":2,"142":167,"143":167,"144":92,"146":75,"165":1,"174":92,"175":92,"176":92,"178":90,"179":90,"180":90,"181":90,"183":90,"184":87,"185":74,"195":75,"196":75,"197":75,"199":73,"200":73,"201":73,"204":73,"205":73,"206":73,"207":73,"210":73,"212":73,"215":58,"216":58,"218":58,"220":58,"222":73,"224":73,"225":72,"226":58},"path":"E:\\CODE\\Lens\\Lens_Running\\contracts\\core\\modules\\collect\\LimitedTimedFeeCollectModule.sol","s":{"1":173,"2":158,"3":171,"4":171,"5":169,"6":167,"7":92,"8":75,"9":1,"10":92,"11":92,"12":92,"13":90,"14":90,"15":90,"16":90,"17":90,"18":87,"19":74,"20":75,"21":75,"22":75,"23":73,"24":73,"25":73,"26":73,"27":73,"28":73,"29":73,"30":73,"31":58,"32":58,"33":58,"34":58,"35":73,"36":73,"37":72,"38":58},"b":{"1":[158,15],"2":[2,169],"3":[2,167],"4":[92,75],"5":[74,13],"6":[58,15],"7":[58,14]},"f":{"1":3,"2":285,"3":173,"4":1,"5":92,"6":75},"fnMap":{"1":{"name":"constructor","line":55,"loc":{"start":{"line":55,"column":4},"end":{"line":55,"column":98}}},"2":{"name":"initializePublicationCollectModule","line":76,"loc":{"start":{"line":72,"column":4},"end":{"line":115,"column":4}}},"3":{"name":"processCollect","line":130,"loc":{"start":{"line":124,"column":4},"end":{"line":149,"column":4}}},"4":{"name":"getPublicationData","line":160,"loc":{"start":{"line":160,"column":4},"end":{"line":166,"column":4}}},"5":{"name":"_processCollect","line":168,"loc":{"start":{"line":168,"column":4},"end":{"line":186,"column":4}}},"6":{"name":"_processCollectWithReferral","line":188,"loc":{"start":{"line":188,"column":4},"end":{"line":227,"column":4}}}},"statementMap":{"1":{"start":{"line":131,"column":8},"end":{"line":131,"column":5751}},"2":{"start":{"line":132,"column":12},"end":{"line":132,"column":53}},"3":{"start":{"line":133,"column":8},"end":{"line":133,"column":89}},"4":{"start":{"line":134,"column":8},"end":{"line":134,"column":74}},"5":{"start":{"line":136,"column":8},"end":{"line":136,"column":6006}},"6":{"start":{"line":143,"column":12},"end":{"line":143,"column":6335}},"7":{"start":{"line":144,"column":16},"end":{"line":144,"column":65}},"8":{"start":{"line":146,"column":16},"end":{"line":146,"column":96}},"9":{"start":{"line":165,"column":8},"end":{"line":165,"column":60}},"10":{"start":{"line":174,"column":8},"end":{"line":174,"column":77}},"11":{"start":{"line":175,"column":8},"end":{"line":175,"column":81}},"12":{"start":{"line":176,"column":8},"end":{"line":176,"column":54}},"13":{"start":{"line":178,"column":8},"end":{"line":178,"column":64}},"14":{"start":{"line":179,"column":8},"end":{"line":179,"column":83}},"15":{"start":{"line":180,"column":8},"end":{"line":180,"column":65}},"16":{"start":{"line":181,"column":8},"end":{"line":181,"column":56}},"17":{"start":{"line":183,"column":8},"end":{"line":183,"column":78}},"18":{"start":{"line":184,"column":8},"end":{"line":184,"column":8099}},"19":{"start":{"line":185,"column":12},"end":{"line":185,"column":81}},"20":{"start":{"line":195,"column":8},"end":{"line":195,"column":77}},"21":{"start":{"line":196,"column":8},"end":{"line":196,"column":81}},"22":{"start":{"line":197,"column":8},"end":{"line":197,"column":54}},"23":{"start":{"line":199,"column":8},"end":{"line":199,"column":87}},"24":{"start":{"line":200,"column":8},"end":{"line":200,"column":24}},"25":{"start":{"line":201,"column":8},"end":{"line":201,"column":30}},"26":{"start":{"line":205,"column":12},"end":{"line":205,"column":30}},"27":{"start":{"line":206,"column":12},"end":{"line":206,"column":52}},"28":{"start":{"line":207,"column":12},"end":{"line":207,"column":60}},"29":{"start":{"line":210,"column":8},"end":{"line":210,"column":56}},"30":{"start":{"line":212,"column":8},"end":{"line":212,"column":9006}},"31":{"start":{"line":215,"column":12},"end":{"line":215,"column":77}},"32":{"start":{"line":216,"column":12},"end":{"line":216,"column":59}},"33":{"start":{"line":218,"column":12},"end":{"line":218,"column":79}},"34":{"start":{"line":220,"column":12},"end":{"line":220,"column":90}},"35":{"start":{"line":222,"column":8},"end":{"line":222,"column":83}},"36":{"start":{"line":224,"column":8},"end":{"line":224,"column":78}},"37":{"start":{"line":225,"column":8},"end":{"line":225,"column":9823}},"38":{"start":{"line":226,"column":12},"end":{"line":226,"column":81}}},"branchMap":{"1":{"line":131,"type":"if","locations":[{"start":{"line":131,"column":8},"end":{"line":131,"column":8}},{"start":{"line":131,"column":8},"end":{"line":131,"column":8}}]},"2":{"line":134,"type":"if","locations":[{"start":{"line":134,"column":8},"end":{"line":134,"column":8}},{"start":{"line":134,"column":8},"end":{"line":134,"column":8}}]},"3":{"line":136,"type":"if","locations":[{"start":{"line":136,"column":8},"end":{"line":136,"column":8}},{"start":{"line":136,"column":8},"end":{"line":136,"column":8}}]},"4":{"line":143,"type":"if","locations":[{"start":{"line":143,"column":12},"end":{"line":143,"column":12}},{"start":{"line":143,"column":12},"end":{"line":143,"column":12}}]},"5":{"line":184,"type":"if","locations":[{"start":{"line":184,"column":8},"end":{"line":184,"column":8}},{"start":{"line":184,"column":8},"end":{"line":184,"column":8}}]},"6":{"line":212,"type":"if","locations":[{"start":{"line":212,"column":8},"end":{"line":212,"column":8}},{"start":{"line":212,"column":8},"end":{"line":212,"column":8}}]},"7":{"line":225,"type":"if","locations":[{"start":{"line":225,"column":8},"end":{"line":225,"column":8}},{"start":{"line":225,"column":8},"end":{"line":225,"column":8}}]}}},"contracts\\core\\modules\\collect\\RevertCollectModule.sol":{"l":{"25":52,"39":4},"path":"E:\\CODE\\Lens\\Lens_Running\\contracts\\core\\modules\\collect\\RevertCollectModule.sol","s":{"1":52},"b":{},"f":{"1":52,"2":4},"fnMap":{"1":{"name":"initializePublicationCollectModule","line":20,"loc":{"start":{"line":20,"column":4},"end":{"line":26,"column":4}}},"2":{"name":"processCollect","line":32,"loc":{"start":{"line":32,"column":4},"end":{"line":40,"column":4}}}},"statementMap":{"1":{"start":{"line":25,"column":8},"end":{"line":25,"column":27}}},"branchMap":{}},"contracts\\core\\modules\\collect\\TimedFeeCollectModule.sol":{"l":{"76":272,"117":125,"118":111,"119":123,"120":123,"122":121,"123":75,"125":46,"143":1,"152":75,"153":75,"154":75,"156":73,"157":73,"158":73,"159":73,"161":73,"162":70,"163":58,"173":46,"174":46,"175":46,"177":44,"178":44,"179":44,"182":44,"183":44,"184":44,"185":44,"188":44,"190":44,"193":29,"194":29,"196":29,"198":29,"200":44,"202":44,"203":43,"204":30},"path":"E:\\CODE\\Lens\\Lens_Running\\contracts\\core\\modules\\collect\\TimedFeeCollectModule.sol","s":{"1":125,"2":111,"3":123,"4":123,"5":121,"6":75,"7":46,"8":1,"9":75,"10":75,"11":75,"12":73,"13":73,"14":73,"15":73,"16":73,"17":70,"18":58,"19":46,"20":46,"21":46,"22":44,"23":44,"24":44,"25":44,"26":44,"27":44,"28":44,"29":44,"30":29,"31":29,"32":29,"33":29,"34":44,"35":44,"36":43,"37":30},"b":{"1":[111,14],"2":[2,121],"3":[75,46],"4":[58,12],"5":[29,15],"6":[30,13]},"f":{"1":3,"2":272,"3":125,"4":1,"5":75,"6":46},"fnMap":{"1":{"name":"constructor","line":55,"loc":{"start":{"line":55,"column":4},"end":{"line":55,"column":98}}},"2":{"name":"initializePublicationCollectModule","line":75,"loc":{"start":{"line":71,"column":4},"end":{"line":102,"column":4}}},"3":{"name":"processCollect","line":116,"loc":{"start":{"line":110,"column":4},"end":{"line":127,"column":4}}},"4":{"name":"getPublicationData","line":138,"loc":{"start":{"line":138,"column":4},"end":{"line":144,"column":4}}},"5":{"name":"_processCollect","line":146,"loc":{"start":{"line":146,"column":4},"end":{"line":164,"column":4}}},"6":{"name":"_processCollectWithReferral","line":166,"loc":{"start":{"line":166,"column":4},"end":{"line":205,"column":4}}}},"statementMap":{"1":{"start":{"line":117,"column":8},"end":{"line":117,"column":5243}},"2":{"start":{"line":118,"column":12},"end":{"line":118,"column":53}},"3":{"start":{"line":119,"column":8},"end":{"line":119,"column":89}},"4":{"start":{"line":120,"column":8},"end":{"line":120,"column":74}},"5":{"start":{"line":122,"column":8},"end":{"line":122,"column":5498}},"6":{"start":{"line":123,"column":12},"end":{"line":123,"column":61}},"7":{"start":{"line":125,"column":12},"end":{"line":125,"column":92}},"8":{"start":{"line":143,"column":8},"end":{"line":143,"column":60}},"9":{"start":{"line":152,"column":8},"end":{"line":152,"column":77}},"10":{"start":{"line":153,"column":8},"end":{"line":153,"column":81}},"11":{"start":{"line":154,"column":8},"end":{"line":154,"column":54}},"12":{"start":{"line":156,"column":8},"end":{"line":156,"column":64}},"13":{"start":{"line":157,"column":8},"end":{"line":157,"column":83}},"14":{"start":{"line":158,"column":8},"end":{"line":158,"column":65}},"15":{"start":{"line":159,"column":8},"end":{"line":159,"column":56}},"16":{"start":{"line":161,"column":8},"end":{"line":161,"column":78}},"17":{"start":{"line":162,"column":8},"end":{"line":162,"column":7239}},"18":{"start":{"line":163,"column":12},"end":{"line":163,"column":81}},"19":{"start":{"line":173,"column":8},"end":{"line":173,"column":77}},"20":{"start":{"line":174,"column":8},"end":{"line":174,"column":81}},"21":{"start":{"line":175,"column":8},"end":{"line":175,"column":54}},"22":{"start":{"line":177,"column":8},"end":{"line":177,"column":87}},"23":{"start":{"line":178,"column":8},"end":{"line":178,"column":24}},"24":{"start":{"line":179,"column":8},"end":{"line":179,"column":30}},"25":{"start":{"line":183,"column":12},"end":{"line":183,"column":30}},"26":{"start":{"line":184,"column":12},"end":{"line":184,"column":52}},"27":{"start":{"line":185,"column":12},"end":{"line":185,"column":60}},"28":{"start":{"line":188,"column":8},"end":{"line":188,"column":56}},"29":{"start":{"line":190,"column":8},"end":{"line":190,"column":8146}},"30":{"start":{"line":193,"column":12},"end":{"line":193,"column":77}},"31":{"start":{"line":194,"column":12},"end":{"line":194,"column":59}},"32":{"start":{"line":196,"column":12},"end":{"line":196,"column":79}},"33":{"start":{"line":198,"column":12},"end":{"line":198,"column":90}},"34":{"start":{"line":200,"column":8},"end":{"line":200,"column":83}},"35":{"start":{"line":202,"column":8},"end":{"line":202,"column":78}},"36":{"start":{"line":203,"column":8},"end":{"line":203,"column":8963}},"37":{"start":{"line":204,"column":12},"end":{"line":204,"column":81}}},"branchMap":{"1":{"line":117,"type":"if","locations":[{"start":{"line":117,"column":8},"end":{"line":117,"column":8}},{"start":{"line":117,"column":8},"end":{"line":117,"column":8}}]},"2":{"line":120,"type":"if","locations":[{"start":{"line":120,"column":8},"end":{"line":120,"column":8}},{"start":{"line":120,"column":8},"end":{"line":120,"column":8}}]},"3":{"line":122,"type":"if","locations":[{"start":{"line":122,"column":8},"end":{"line":122,"column":8}},{"start":{"line":122,"column":8},"end":{"line":122,"column":8}}]},"4":{"line":162,"type":"if","locations":[{"start":{"line":162,"column":8},"end":{"line":162,"column":8}},{"start":{"line":162,"column":8},"end":{"line":162,"column":8}}]},"5":{"line":190,"type":"if","locations":[{"start":{"line":190,"column":8},"end":{"line":190,"column":8}},{"start":{"line":190,"column":8},"end":{"line":190,"column":8}}]},"6":{"line":203,"type":"if","locations":[{"start":{"line":203,"column":8},"end":{"line":203,"column":8}},{"start":{"line":203,"column":8},"end":{"line":203,"column":8}}]}}},"contracts\\core\\modules\\FeeModuleBase.sol":{"l":{"22":19,"23":17,"24":17,"28":1257,"32":677,"40":695,"41":695,"42":18},"path":"E:\\CODE\\Lens\\Lens_Running\\contracts\\core\\modules\\FeeModuleBase.sol","s":{"1":19,"2":17,"3":17,"4":1257,"5":677,"6":695,"7":695},"b":{"1":[2,17],"2":[18,677]},"f":{"1":19,"2":1257,"3":677,"4":695},"fnMap":{"1":{"name":"constructor","line":21,"loc":{"start":{"line":21,"column":4},"end":{"line":25,"column":4}}},"2":{"name":"_currencyWhitelisted","line":27,"loc":{"start":{"line":27,"column":4},"end":{"line":29,"column":4}}},"3":{"name":"_treasuryData","line":31,"loc":{"start":{"line":31,"column":4},"end":{"line":33,"column":4}}},"4":{"name":"_validateDataIsExpected","line":35,"loc":{"start":{"line":35,"column":4},"end":{"line":43,"column":4}}}},"statementMap":{"1":{"start":{"line":22,"column":8},"end":{"line":22,"column":74}},"2":{"start":{"line":23,"column":8},"end":{"line":23,"column":37}},"3":{"start":{"line":24,"column":8},"end":{"line":24,"column":76}},"4":{"start":{"line":28,"column":8},"end":{"line":28,"column":77}},"5":{"start":{"line":32,"column":8},"end":{"line":32,"column":63}},"6":{"start":{"line":40,"column":8},"end":{"line":40,"column":95}},"7":{"start":{"line":41,"column":8},"end":{"line":41,"column":1520}}},"branchMap":{"1":{"line":22,"type":"if","locations":[{"start":{"line":22,"column":8},"end":{"line":22,"column":8}},{"start":{"line":22,"column":8},"end":{"line":22,"column":8}}]},"2":{"line":41,"type":"if","locations":[{"start":{"line":41,"column":8},"end":{"line":41,"column":8}},{"start":{"line":41,"column":8},"end":{"line":41,"column":8}}]}}},"contracts\\core\\modules\\follow\\ApprovalFollowModule.sol":{"l":{"37":39,"38":38,"39":38,"41":37,"42":37,"43":37,"44":36,"49":36,"67":275,"69":269,"70":74,"71":74,"72":74,"73":74,"74":73,"79":268,"91":115,"92":115,"93":3,"94":112,"121":2,"138":1,"139":1,"140":1,"141":2,"142":2,"146":1},"path":"E:\\CODE\\Lens\\Lens_Running\\contracts\\core\\modules\\follow\\ApprovalFollowModule.sol","s":{"1":39,"2":38,"3":38,"4":37,"5":37,"6":37,"7":36,"8":275,"9":269,"10":74,"11":74,"12":74,"13":74,"14":268,"15":115,"16":115,"17":112,"18":2,"19":1,"20":1,"21":1,"22":2,"23":1},"b":{"1":[1,38],"2":[1,37],"3":[74,195],"4":[3,112]},"f":{"1":3,"2":39,"3":275,"4":115,"5":123,"6":2,"7":1},"fnMap":{"1":{"name":"constructor","line":23,"loc":{"start":{"line":23,"column":4},"end":{"line":23,"column":46}}},"2":{"name":"approve","line":32,"loc":{"start":{"line":32,"column":4},"end":{"line":50,"column":4}}},"3":{"name":"initializeFollowModule","line":64,"loc":{"start":{"line":61,"column":4},"end":{"line":80,"column":4}}},"4":{"name":"processFollow","line":90,"loc":{"start":{"line":86,"column":4},"end":{"line":95,"column":4}}},"5":{"name":"followModuleTransferHook","line":100,"loc":{"start":{"line":100,"column":4},"end":{"line":105,"column":25}}},"6":{"name":"isApproved","line":116,"loc":{"start":{"line":116,"column":4},"end":{"line":122,"column":4}}},"7":{"name":"isApprovedArray","line":133,"loc":{"start":{"line":133,"column":4},"end":{"line":147,"column":4}}}},"statementMap":{"1":{"start":{"line":37,"column":8},"end":{"line":37,"column":83}},"2":{"start":{"line":38,"column":8},"end":{"line":38,"column":55}},"3":{"start":{"line":39,"column":8},"end":{"line":39,"column":64}},"4":{"start":{"line":41,"column":8},"end":{"line":41,"column":50}},"5":{"start":{"line":42,"column":8},"end":{"line":42,"column":1814}},"6":{"start":{"line":43,"column":12},"end":{"line":43,"column":83}},"7":{"start":{"line":49,"column":8},"end":{"line":49,"column":92}},"8":{"start":{"line":67,"column":8},"end":{"line":67,"column":55}},"9":{"start":{"line":69,"column":8},"end":{"line":69,"column":2804}},"10":{"start":{"line":70,"column":12},"end":{"line":70,"column":70}},"11":{"start":{"line":71,"column":12},"end":{"line":71,"column":54}},"12":{"start":{"line":72,"column":12},"end":{"line":72,"column":2974}},"13":{"start":{"line":73,"column":16},"end":{"line":73,"column":79}},"14":{"start":{"line":79,"column":8},"end":{"line":79,"column":19}},"15":{"start":{"line":91,"column":8},"end":{"line":91,"column":55}},"16":{"start":{"line":92,"column":8},"end":{"line":92,"column":3632}},"17":{"start":{"line":94,"column":8},"end":{"line":94,"column":68}},"18":{"start":{"line":121,"column":8},"end":{"line":121,"column":74}},"19":{"start":{"line":138,"column":8},"end":{"line":138,"column":59}},"20":{"start":{"line":139,"column":8},"end":{"line":139,"column":46}},"21":{"start":{"line":140,"column":8},"end":{"line":140,"column":5536}},"22":{"start":{"line":141,"column":12},"end":{"line":141,"column":87}},"23":{"start":{"line":146,"column":8},"end":{"line":146,"column":23}}},"branchMap":{"1":{"line":37,"type":"if","locations":[{"start":{"line":37,"column":8},"end":{"line":37,"column":8}},{"start":{"line":37,"column":8},"end":{"line":37,"column":8}}]},"2":{"line":39,"type":"if","locations":[{"start":{"line":39,"column":8},"end":{"line":39,"column":8}},{"start":{"line":39,"column":8},"end":{"line":39,"column":8}}]},"3":{"line":69,"type":"if","locations":[{"start":{"line":69,"column":8},"end":{"line":69,"column":8}},{"start":{"line":69,"column":8},"end":{"line":69,"column":8}}]},"4":{"line":92,"type":"if","locations":[{"start":{"line":92,"column":8},"end":{"line":92,"column":8}},{"start":{"line":92,"column":8},"end":{"line":92,"column":8}}]}}},"contracts\\core\\modules\\follow\\FeeFollowModule.sol":{"l":{"59":177,"63":177,"64":3,"66":174,"67":174,"68":174,"69":165,"81":92,"82":92,"83":92,"85":90,"86":90,"87":90,"88":90,"90":90,"91":83,"92":44,"114":1},"path":"E:\\CODE\\Lens\\Lens_Running\\contracts\\core\\modules\\follow\\FeeFollowModule.sol","s":{"1":177,"2":177,"3":174,"4":174,"5":174,"6":165,"7":92,"8":92,"9":92,"10":90,"11":90,"12":90,"13":90,"14":90,"15":83,"16":44,"17":1},"b":{"1":[3,174],"2":[44,39]},"f":{"1":3,"2":177,"3":92,"4":92,"5":1},"fnMap":{"1":{"name":"constructor","line":40,"loc":{"start":{"line":40,"column":4},"end":{"line":40,"column":98}}},"2":{"name":"initializeFollowModule","line":56,"loc":{"start":{"line":53,"column":4},"end":{"line":70,"column":4}}},"3":{"name":"processFollow","line":80,"loc":{"start":{"line":76,"column":4},"end":{"line":93,"column":4}}},"4":{"name":"followModuleTransferHook","line":98,"loc":{"start":{"line":98,"column":4},"end":{"line":103,"column":25}}},"5":{"name":"getProfileData","line":113,"loc":{"start":{"line":113,"column":4},"end":{"line":115,"column":4}}}},"statementMap":{"1":{"start":{"line":59,"column":8},"end":{"line":59,"column":2443}},"2":{"start":{"line":63,"column":8},"end":{"line":63,"column":2628}},"3":{"start":{"line":66,"column":8},"end":{"line":66,"column":48}},"4":{"start":{"line":67,"column":8},"end":{"line":67,"column":52}},"5":{"start":{"line":68,"column":8},"end":{"line":68,"column":54}},"6":{"start":{"line":69,"column":8},"end":{"line":69,"column":19}},"7":{"start":{"line":81,"column":8},"end":{"line":81,"column":57}},"8":{"start":{"line":82,"column":8},"end":{"line":82,"column":61}},"9":{"start":{"line":83,"column":8},"end":{"line":83,"column":54}},"10":{"start":{"line":85,"column":8},"end":{"line":85,"column":64}},"11":{"start":{"line":86,"column":8},"end":{"line":86,"column":63}},"12":{"start":{"line":87,"column":8},"end":{"line":87,"column":65}},"13":{"start":{"line":88,"column":8},"end":{"line":88,"column":56}},"14":{"start":{"line":90,"column":8},"end":{"line":90,"column":77}},"15":{"start":{"line":91,"column":8},"end":{"line":91,"column":3755}},"16":{"start":{"line":92,"column":12},"end":{"line":92,"column":80}},"17":{"start":{"line":114,"column":8},"end":{"line":114,"column":40}}},"branchMap":{"1":{"line":63,"type":"if","locations":[{"start":{"line":63,"column":8},"end":{"line":63,"column":8}},{"start":{"line":63,"column":8},"end":{"line":63,"column":8}}]},"2":{"line":91,"type":"if","locations":[{"start":{"line":91,"column":8},"end":{"line":91,"column":8}},{"start":{"line":91,"column":8},"end":{"line":91,"column":8}}]}}},"contracts\\core\\modules\\follow\\FollowValidatorFollowModuleBase.sol":{"l":{"28":23,"29":23,"30":1,"32":22},"path":"E:\\CODE\\Lens\\Lens_Running\\contracts\\core\\modules\\follow\\FollowValidatorFollowModuleBase.sol","s":{"1":23,"2":23,"3":1,"4":22},"b":{"1":[1,22]},"f":{"1":23},"fnMap":{"1":{"name":"isFollowing","line":23,"loc":{"start":{"line":23,"column":4},"end":{"line":37,"column":4}}}},"statementMap":{"1":{"start":{"line":28,"column":8},"end":{"line":28,"column":65}},"2":{"start":{"line":29,"column":8},"end":{"line":29,"column":1088}},"3":{"start":{"line":30,"column":12},"end":{"line":30,"column":24}},"4":{"start":{"line":32,"column":12},"end":{"line":32,"column":1247}}},"branchMap":{"1":{"line":29,"type":"if","locations":[{"start":{"line":29,"column":8},"end":{"line":29,"column":8}},{"start":{"line":29,"column":8},"end":{"line":29,"column":8}}]}}},"contracts\\core\\modules\\follow\\ProfileFollowModule.sol":{"l":{"39":144,"53":78,"54":78,"55":1,"57":75,"58":2,"60":73},"path":"E:\\CODE\\Lens\\Lens_Running\\contracts\\core\\modules\\follow\\ProfileFollowModule.sol","s":{"1":144,"2":78,"3":78,"4":75,"5":73},"b":{"1":[1,75],"2":[2,73]},"f":{"1":3,"2":144,"3":78,"4":78},"fnMap":{"1":{"name":"constructor","line":23,"loc":{"start":{"line":23,"column":4},"end":{"line":23,"column":46}}},"2":{"name":"initializeFollowModule","line":36,"loc":{"start":{"line":33,"column":4},"end":{"line":40,"column":4}}},"3":{"name":"processFollow","line":52,"loc":{"start":{"line":48,"column":4},"end":{"line":62,"column":4}}},"4":{"name":"followModuleTransferHook","line":67,"loc":{"start":{"line":67,"column":4},"end":{"line":72,"column":25}}}},"statementMap":{"1":{"start":{"line":39,"column":8},"end":{"line":39,"column":27}},"2":{"start":{"line":53,"column":8},"end":{"line":53,"column":63}},"3":{"start":{"line":54,"column":8},"end":{"line":54,"column":1956}},"4":{"start":{"line":57,"column":8},"end":{"line":57,"column":2081}},"5":{"start":{"line":60,"column":12},"end":{"line":60,"column":66}}},"branchMap":{"1":{"line":54,"type":"if","locations":[{"start":{"line":54,"column":8},"end":{"line":54,"column":8}},{"start":{"line":54,"column":8},"end":{"line":54,"column":8}}]},"2":{"line":57,"type":"if","locations":[{"start":{"line":57,"column":8},"end":{"line":57,"column":8}},{"start":{"line":57,"column":8},"end":{"line":57,"column":8}}]}}},"contracts\\core\\modules\\follow\\RevertFollowModule.sol":{"l":{"33":14,"44":1},"path":"E:\\CODE\\Lens\\Lens_Running\\contracts\\core\\modules\\follow\\RevertFollowModule.sol","s":{"1":14},"b":{},"f":{"1":3,"2":14,"3":1,"4":1},"fnMap":{"1":{"name":"constructor","line":16,"loc":{"start":{"line":16,"column":4},"end":{"line":16,"column":46}}},"2":{"name":"initializeFollowModule","line":30,"loc":{"start":{"line":26,"column":4},"end":{"line":34,"column":4}}},"3":{"name":"processFollow","line":43,"loc":{"start":{"line":39,"column":4},"end":{"line":45,"column":4}}},"4":{"name":"followModuleTransferHook","line":50,"loc":{"start":{"line":50,"column":4},"end":{"line":55,"column":25}}}},"statementMap":{"1":{"start":{"line":33,"column":8},"end":{"line":33,"column":27}}},"branchMap":{}},"contracts\\core\\modules\\FollowValidationModuleBase.sol":{"l":{"33":1153,"34":1153,"35":1153,"36":14,"38":1139,"39":1138,"41":1096,"42":17},"path":"E:\\CODE\\Lens\\Lens_Running\\contracts\\core\\modules\\FollowValidationModuleBase.sol","s":{"1":1153,"2":1153,"3":1153,"4":14,"5":1139,"6":1138,"7":1096},"b":{"1":[14,1139],"2":[17,1075]},"f":{"1":1153},"fnMap":{"1":{"name":"_checkFollowValidity","line":32,"loc":{"start":{"line":32,"column":4},"end":{"line":44,"column":4}}}},"statementMap":{"1":{"start":{"line":33,"column":8},"end":{"line":33,"column":71}},"2":{"start":{"line":34,"column":8},"end":{"line":34,"column":24}},"3":{"start":{"line":35,"column":8},"end":{"line":35,"column":1444}},"4":{"start":{"line":36,"column":12},"end":{"line":36,"column":84}},"5":{"start":{"line":38,"column":12},"end":{"line":38,"column":69}},"6":{"start":{"line":39,"column":12},"end":{"line":39,"column":91}},"7":{"start":{"line":41,"column":8},"end":{"line":41,"column":1771}}},"branchMap":{"1":{"line":35,"type":"if","locations":[{"start":{"line":35,"column":8},"end":{"line":35,"column":8}},{"start":{"line":35,"column":8},"end":{"line":35,"column":8}}]},"2":{"line":41,"type":"if","locations":[{"start":{"line":41,"column":8},"end":{"line":41,"column":8}},{"start":{"line":41,"column":8},"end":{"line":41,"column":8}}]}}},"contracts\\core\\modules\\ModuleBase.sol":{"l":{"19":4717,"20":4705,"24":32,"25":30,"26":30},"path":"E:\\CODE\\Lens\\Lens_Running\\contracts\\core\\modules\\ModuleBase.sol","s":{"1":4717,"2":32,"3":30,"4":30},"b":{"1":[12,4705],"2":[2,30]},"f":{"1":4717,"2":32},"fnMap":{"1":{"name":"onlyHub","line":18,"loc":{"start":{"line":18,"column":4},"end":{"line":21,"column":4}}},"2":{"name":"constructor","line":23,"loc":{"start":{"line":23,"column":4},"end":{"line":27,"column":4}}}},"statementMap":{"1":{"start":{"line":19,"column":8},"end":{"line":19,"column":53}},"2":{"start":{"line":24,"column":8},"end":{"line":24,"column":64}},"3":{"start":{"line":25,"column":8},"end":{"line":25,"column":16}},"4":{"start":{"line":26,"column":8},"end":{"line":26,"column":63}}},"branchMap":{"1":{"line":19,"type":"if","locations":[{"start":{"line":19,"column":8},"end":{"line":19,"column":8}},{"start":{"line":19,"column":8},"end":{"line":19,"column":8}}]},"2":{"line":24,"type":"if","locations":[{"start":{"line":24,"column":8},"end":{"line":24,"column":8}},{"start":{"line":24,"column":8},"end":{"line":24,"column":8}}]}}},"contracts\\core\\modules\\ModuleGloba
[...]
\Lens\\Lens_Running\\contracts\\libraries\\PublishingLogic.sol","s":{"1":7459,"2":7455,"3":7454,"4":7454,"5":7453,"6":7453,"7":7453,"8":7453,"9":6949,"10":6949,"11":392,"12":392,"13":6917,"14":348,"15":296,"16":347,"17":347,"18":283,"19":341,"20":2925,"21":2925,"22":2847,"23":2844,"24":325,"25":325,"26":323,"27":321,"28":321,"29":321,"30":321,"31":318,"32":315,"33":315,"34":85,"35":311,"36":800,"37":798,"38":798,"39":798,"40":795,"41":795,"42":78,"43":793,"44":3246,"45":3242,"46":3242,"47":3963,"48":3694,"49":269,"50":263,"51":263,"52":675,"53":672,"54":311,"55":6917,"56":7459,"57":7459,"58":7457,"59":7457,"60":103971},"b":{"1":[1,7454],"2":[1,7453],"3":[392,6557],"4":[296,52],"5":[283,64],"6":[2,323],"7":[2,321],"8":[85,230],"9":[78,717],"10":[4,3242],"11":[3694,269],"12":[6,263],"13":[3,672],"14":[2,7457],"15":[2,103969]},"f":{"1":7459,"2":348,"3":2925,"4":325,"5":800,"6":3246,"7":3963,"8":675,"9":311,"10":6917,"11":7459},"fnMap":{"1":{"name":"createProfile","line":39,"loc":{"start":{"line":39,"column":4},"end":{"line":72,"column":4}}},"2":{"name":"setFollowModule","line":83,"loc":{"start":{"line":83,"column":4},"end":{"line":108,"column":4}}},"3":{"name":"createPost","line":126,"loc":{"start":{"line":126,"column":4},"end":{"line":171,"column":4}}},"4":{"name":"createComment","line":186,"loc":{"start":{"line":186,"column":4},"end":{"line":242,"column":4}}},"5":{"name":"createMirror","line":252,"loc":{"start":{"line":252,"column":4},"end":{"line":300,"column":4}}},"6":{"name":"_initPubCollectModule","line":302,"loc":{"start":{"line":302,"column":4},"end":{"line":319,"column":4}}},"7":{"name":"_initPubReferenceModule","line":321,"loc":{"start":{"line":321,"column":4},"end":{"line":340,"column":4}}},"8":{"name":"_initFollowModule","line":342,"loc":{"start":{"line":342,"column":4},"end":{"line":350,"column":4}}},"9":{"name":"_emitCommentCreated","line":352,"loc":{"start":{"line":352,"column":4},"end":{"line":371,"column":4}}},"10":{"name":"_emitProfileCreated","line":373,"loc":{"start":{"line":373,"column":4},"end":{"line":389,"column":4}}},"11":{"name":"_validateHandle","line":391,"loc":{"start":{"line":391,"column":4},"end":{"line":410,"column":4}}}},"statementMap":{"1":{"start":{"line":46,"column":8},"end":{"line":46,"column":35}},"2":{"start":{"line":48,"column":8},"end":{"line":48,"column":2369}},"3":{"start":{"line":51,"column":8},"end":{"line":51,"column":58}},"4":{"start":{"line":53,"column":8},"end":{"line":53,"column":80}},"5":{"start":{"line":55,"column":8},"end":{"line":55,"column":53}},"6":{"start":{"line":56,"column":8},"end":{"line":56,"column":51}},"7":{"start":{"line":57,"column":8},"end":{"line":57,"column":55}},"8":{"start":{"line":58,"column":8},"end":{"line":58,"column":63}},"9":{"start":{"line":60,"column":8},"end":{"line":60,"column":43}},"10":{"start":{"line":61,"column":8},"end":{"line":61,"column":2899}},"11":{"start":{"line":62,"column":12},"end":{"line":62,"column":67}},"12":{"start":{"line":63,"column":12},"end":{"line":63,"column":3026}},"13":{"start":{"line":71,"column":8},"end":{"line":71,"column":67}},"14":{"start":{"line":90,"column":8},"end":{"line":90,"column":4177}},"15":{"start":{"line":91,"column":12},"end":{"line":91,"column":47}},"16":{"start":{"line":94,"column":8},"end":{"line":94,"column":43}},"17":{"start":{"line":95,"column":8},"end":{"line":95,"column":4346}},"18":{"start":{"line":96,"column":12},"end":{"line":96,"column":4390}},"19":{"start":{"line":102,"column":8},"end":{"line":102,"column":4596}},"20":{"start":{"line":139,"column":8},"end":{"line":139,"column":66}},"21":{"start":{"line":142,"column":8},"end":{"line":142,"column":6619}},"22":{"start":{"line":152,"column":8},"end":{"line":152,"column":6927}},"23":{"start":{"line":161,"column":8},"end":{"line":161,"column":7201}},"24":{"start":{"line":196,"column":8},"end":{"line":196,"column":71}},"25":{"start":{"line":197,"column":8},"end":{"line":197,"column":9044}},"26":{"start":{"line":201,"column":8},"end":{"line":201,"column":9241}},"27":{"start":{"line":204,"column":8},"end":{"line":204,"column":76}},"28":{"start":{"line":205,"column":8},"end":{"line":205,"column":88}},"29":{"start":{"line":206,"column":8},"end":{"line":206,"column":80}},"30":{"start":{"line":209,"column":8},"end":{"line":209,"column":9639}},"31":{"start":{"line":219,"column":8},"end":{"line":219,"column":9962}},"32":{"start":{"line":229,"column":8},"end":{"line":229,"column":10310}},"33":{"start":{"line":231,"column":8},"end":{"line":231,"column":10410}},"34":{"start":{"line":232,"column":12},"end":{"line":232,"column":10458}},"35":{"start":{"line":241,"column":8},"end":{"line":241,"column":91}},"36":{"start":{"line":259,"column":8},"end":{"line":259,"column":11631}},"37":{"start":{"line":265,"column":8},"end":{"line":265,"column":87}},"38":{"start":{"line":266,"column":8},"end":{"line":266,"column":79}},"39":{"start":{"line":269,"column":8},"end":{"line":269,"column":12062}},"40":{"start":{"line":279,"column":8},"end":{"line":279,"column":12410}},"41":{"start":{"line":281,"column":8},"end":{"line":281,"column":12508}},"42":{"start":{"line":282,"column":12},"end":{"line":282,"column":12556}},"43":{"start":{"line":290,"column":8},"end":{"line":290,"column":12783}},"44":{"start":{"line":311,"column":8},"end":{"line":311,"column":98}},"45":{"start":{"line":312,"column":8},"end":{"line":312,"column":72}},"46":{"start":{"line":313,"column":8},"end":{"line":313,"column":13670}},"47":{"start":{"line":330,"column":8},"end":{"line":330,"column":62}},"48":{"start":{"line":330,"column":43},"end":{"line":330,"column":62}},"49":{"start":{"line":331,"column":8},"end":{"line":331,"column":14389}},"50":{"start":{"line":333,"column":8},"end":{"line":333,"column":76}},"51":{"start":{"line":334,"column":8},"end":{"line":334,"column":14545}},"52":{"start":{"line":348,"column":8},"end":{"line":348,"column":95}},"53":{"start":{"line":349,"column":8},"end":{"line":349,"column":98}},"54":{"start":{"line":358,"column":8},"end":{"line":358,"column":15415}},"55":{"start":{"line":378,"column":8},"end":{"line":378,"column":16012}},"56":{"start":{"line":392,"column":8},"end":{"line":392,"column":47}},"57":{"start":{"line":393,"column":8},"end":{"line":393,"column":16518}},"58":{"start":{"line":396,"column":8},"end":{"line":396,"column":52}},"59":{"start":{"line":397,"column":8},"end":{"line":397,"column":16674}},"60":{"start":{"line":398,"column":12},"end":{"line":398,"column":16786}}},"branchMap":{"1":{"line":48,"type":"if","locations":[{"start":{"line":48,"column":8},"end":{"line":48,"column":8}},{"start":{"line":48,"column":8},"end":{"line":48,"column":8}}]},"2":{"line":53,"type":"if","locations":[{"start":{"line":53,"column":8},"end":{"line":53,"column":8}},{"start":{"line":53,"column":8},"end":{"line":53,"column":8}}]},"3":{"line":61,"type":"if","locations":[{"start":{"line":61,"column":8},"end":{"line":61,"column":8}},{"start":{"line":61,"column":8},"end":{"line":61,"column":8}}]},"4":{"line":90,"type":"if","locations":[{"start":{"line":90,"column":8},"end":{"line":90,"column":8}},{"start":{"line":90,"column":8},"end":{"line":90,"column":8}}]},"5":{"line":95,"type":"if","locations":[{"start":{"line":95,"column":8},"end":{"line":95,"column":8}},{"start":{"line":95,"column":8},"end":{"line":95,"column":8}}]},"6":{"line":197,"type":"if","locations":[{"start":{"line":197,"column":8},"end":{"line":197,"column":8}},{"start":{"line":197,"column":8},"end":{"line":197,"column":8}}]},"7":{"line":201,"type":"if","locations":[{"start":{"line":201,"column":8},"end":{"line":201,"column":8}},{"start":{"line":201,"column":8},"end":{"line":201,"column":8}}]},"8":{"line":231,"type":"if","locations":[{"start":{"line":231,"column":8},"end":{"line":231,"column":8}},{"start":{"line":231,"column":8},"end":{"line":231,"column":8}}]},"9":{"line":281,"type":"if","locations":[{"start":{"line":281,"column":8},"end":{"line":281,"column":8}},{"start":{"line":281,"column":8},"end":{"line":281,"column":8}}]},"10":{"line":311,"type":"if","locations":[{"start":{"line":311,"column":8},"end":{"line":311,"column":8}},{"start":{"line":311,"column":8},"end":{"line":311,"column":8}}]},"11":{"line":330,"type":"if","locations":[{"start":{"line":330,"column":8},"end":{"line":330,"column":8}},{"start":{"line":330,"column":8},"end":{"line":330,"column":8}}]},"12":{"line":331,"type":"if","locations":[{"start":{"line":331,"column":8},"end":{"line":331,"column":8}},{"start":{"line":331,"column":8},"end":{"line":331,"column":8}}]},"13":{"line":348,"type":"if","locations":[{"start":{"line":348,"column":8},"end":{"line":348,"column":8}},{"start":{"line":348,"column":8},"end":{"line":348,"column":8}}]},"14":{"line":393,"type":"if","locations":[{"start":{"line":393,"column":8},"end":{"line":393,"column":8}},{"start":{"line":393,"column":8},"end":{"line":393,"column":8}}]},"15":{"line":398,"type":"if","locations":[{"start":{"line":398,"column":12},"end":{"line":398,"column":12}},{"start":{"line":398,"column":12},"end":{"line":398,"column":12}}]}}},"contracts\\misc\\AccessControlV1.sol":{"l":{"21":6,"39":2,"43":6},"path":"E:\\CODE\\Lens\\Lens_Running\\contracts\\misc\\AccessControlV1.sol","s":{"1":6,"2":2,"3":6},"b":{},"f":{"1":6,"2":6,"3":2,"4":6},"fnMap":{"1":{"name":"constructor","line":20,"loc":{"start":{"line":20,"column":4},"end":{"line":22,"column":4}}},"2":{"name":"initialize","line":24,"loc":{"start":{"line":24,"column":4},"end":{"line":24,"column":48}}},"3":{"name":"hasAccess","line":34,"loc":{"start":{"line":34,"column":4},"end":{"line":40,"column":4}}},"4":{"name":"getRevision","line":42,"loc":{"start":{"line":42,"column":4},"end":{"line":44,"column":4}}}},"statementMap":{"1":{"start":{"line":21,"column":8},"end":{"line":21,"column":26}},"2":{"start":{"line":39,"column":8},"end":{"line":39,"column":71}},"3":{"start":{"line":43,"column":8},"end":{"line":43,"column":23}}},"branchMap":{}},"contracts\\misc\\AccessControlV2.sol":{"l":{"23":6,"41":4,"51":2,"53":2,"62":5,"63":5,"64":5,"65":2,"67":3,"68":3,"72":5,"76":8},"path":"E:\\CODE\\Lens\\Lens_Running\\contracts\\misc\\AccessControlV2.sol","s":{"1":6,"2":4,"3":2,"4":2,"5":5,"6":5,"7":5,"8":2,"9":3,"10":3,"11":5,"12":8},"b":{"1":[2,3]},"f":{"1":6,"2":6,"3":4,"4":2,"5":5,"6":8},"fnMap":{"1":{"name":"constructor","line":22,"loc":{"start":{"line":22,"column":4},"end":{"line":24,"column":4}}},"2":{"name":"initialize","line":26,"loc":{"start":{"line":26,"column":4},"end":{"line":26,"column":48}}},"3":{"name":"hasAccess","line":36,"loc":{"start":{"line":36,"column":4},"end":{"line":42,"column":4}}},"4":{"name":"hasCollected","line":44,"loc":{"start":{"line":44,"column":4},"end":{"line":54,"column":4}}},"5":{"name":"isFollowing","line":56,"loc":{"start":{"line":56,"column":4},"end":{"line":73,"column":4}}},"6":{"name":"getRevision","line":75,"loc":{"start":{"line":75,"column":4},"end":{"line":77,"column":4}}}},"statementMap":{"1":{"start":{"line":23,"column":8},"end":{"line":23,"column":26}},"2":{"start":{"line":41,"column":8},"end":{"line":41,"column":71}},"3":{"start":{"line":51,"column":8},"end":{"line":51,"column":81}},"4":{"start":{"line":53,"column":8},"end":{"line":53,"column":94}},"5":{"start":{"line":62,"column":8},"end":{"line":62,"column":76}},"6":{"start":{"line":63,"column":8},"end":{"line":63,"column":22}},"7":{"start":{"line":64,"column":8},"end":{"line":64,"column":2241}},"8":{"start":{"line":65,"column":12},"end":{"line":65,"column":94}},"9":{"start":{"line":67,"column":12},"end":{"line":67,"column":74}},"10":{"start":{"line":68,"column":12},"end":{"line":68,"column":2539}},"11":{"start":{"line":72,"column":8},"end":{"line":72,"column":84}},"12":{"start":{"line":76,"column":8},"end":{"line":76,"column":23}}},"branchMap":{"1":{"line":64,"type":"if","locations":[{"start":{"line":64,"column":8},"end":{"line":64,"column":8}},{"start":{"line":64,"column":8},"end":{"line":64,"column":8}}]}}},"contracts\\misc\\LensPeriphery.sol":{"l":{"42":3,"52":10,"53":9,"64":6,"82":3,"94":13,"104":10,"122":7,"133":4,"137":12,"138":12,"146":20,"147":19,"148":19,"149":22,"150":22,"151":20,"152":19,"153":18,"157":15,"161":10,"165":9,"167":1,"178":16,"179":14,"180":14,"181":4,"188":16,"208":16,"209":16,"214":16},"path":"E:\\CODE\\Lens\\Lens_Running\\contracts\\misc\\LensPeriphery.sol","s":{"1":3,"2":10,"3":9,"4":3,"5":13,"6":7,"7":4,"8":12,"9":12,"10":20,"11":19,"12":19,"13":22,"14":22,"15":20,"16":19,"17":15,"18":10,"19":9,"20":16,"21":14,"22":14,"23":16,"24":16,"25":16},"b":{"1":[1,19],"2":[2,20],"3":[1,19],"4":[1,18],"5":[9,1],"6":[2,14],"7":[4,10]},"f":{"1":3,"2":10,"3":6,"4":13,"5":10,"6":4,"7":12,"8":20,"9":10,"10":16,"11":16,"12":16},"fnMap":{"1":{"name":"constructor","line":41,"loc":{"start":{"line":41,"column":4},"end":{"line":43,"column":4}}},"2":{"name":"setProfileMetadataURI","line":51,"loc":{"start":{"line":51,"column":4},"end":{"line":54,"column":4}}},"3":{"name":"setProfileMetadataURIWithSig","line":61,"loc":{"start":{"line":61,"column":4},"end":{"line":83,"column":4}}},"4":{"name":"toggleFollow","line":93,"loc":{"start":{"line":93,"column":4},"end":{"line":95,"column":4}}},"5":{"name":"toggleFollowWithSig","line":103,"loc":{"start":{"line":103,"column":4},"end":{"line":123,"column":4}}},"6":{"name":"getProfileMetadataURI","line":132,"loc":{"start":{"line":132,"column":4},"end":{"line":134,"column":4}}},"7":{"name":"_setProfileMetadataURI","line":136,"loc":{"start":{"line":136,"column":4},"end":{"line":139,"column":4}}},"8":{"name":"_toggleFollow","line":141,"loc":{"start":{"line":141,"column":4},"end":{"line":158,"column":4}}},"9":{"name":"_validateCallerIsProfileOwnerOrDispatcher","line":160,"loc":{"start":{"line":160,"column":4},"end":{"line":168,"column":4}}},"10":{"name":"_validateRecoveredAddress","line":173,"loc":{"start":{"line":173,"column":4},"end":{"line":182,"column":4}}},"11":{"name":"_calculateDomainSeparator","line":187,"loc":{"start":{"line":187,"column":4},"end":{"line":198,"column":4}}},"12":{"name":"_calculateDigest","line":207,"loc":{"start":{"line":207,"column":4},"end":{"line":215,"column":4}}}},"statementMap":{"1":{"start":{"line":42,"column":8},"end":{"line":42,"column":16}},"2":{"start":{"line":52,"column":8},"end":{"line":52,"column":59}},"3":{"start":{"line":53,"column":8},"end":{"line":53,"column":50}},"4":{"start":{"line":82,"column":8},"end":{"line":82,"column":60}},"5":{"start":{"line":94,"column":8},"end":{"line":94,"column":53}},"6":{"start":{"line":122,"column":8},"end":{"line":122,"column":66}},"7":{"start":{"line":133,"column":8},"end":{"line":133,"column":44}},"8":{"start":{"line":137,"column":8},"end":{"line":137,"column":47}},"9":{"start":{"line":138,"column":8},"end":{"line":138,"column":76}},"10":{"start":{"line":146,"column":8},"end":{"line":146,"column":78}},"11":{"start":{"line":147,"column":8},"end":{"line":147,"column":52}},"12":{"start":{"line":148,"column":8},"end":{"line":148,"column":5912}},"13":{"start":{"line":149,"column":12},"end":{"line":149,"column":63}},"14":{"start":{"line":150,"column":12},"end":{"line":150,"column":70}},"15":{"start":{"line":151,"column":12},"end":{"line":151,"column":99}},"16":{"start":{"line":152,"column":12},"end":{"line":152,"column":94}},"17":{"start":{"line":157,"column":8},"end":{"line":157,"column":82}},"18":{"start":{"line":161,"column":8},"end":{"line":161,"column":6563}},"19":{"start":{"line":165,"column":12},"end":{"line":165,"column":18}},"20":{"start":{"line":178,"column":8},"end":{"line":178,"column":76}},"21":{"start":{"line":179,"column":8},"end":{"line":179,"column":73}},"22":{"start":{"line":180,"column":8},"end":{"line":180,"column":7286}},"23":{"start":{"line":188,"column":8},"end":{"line":188,"column":7581}},"24":{"start":{"line":208,"column":8},"end":{"line":208,"column":22}},"25":{"start":{"line":214,"column":8},"end":{"line":214,"column":21}}},"branchMap":{"1":{"line":146,"type":"if","locations":[{"start":{"line":146,"column":8},"end":{"line":146,"column":8}},{"start":{"line":146,"column":8},"end":{"line":146,"column":8}}]},"2":{"line":150,"type":"if","locations":[{"start":{"line":150,"column":12},"end":{"line":150,"column":12}},{"start":{"line":150,"column":12},"end":{"line":150,"column":12}}]},"3":{"line":151,"type":"if","locations":[{"start":{"line":151,"column":12},"end":{"line":151,"column":12}},{"start":{"line":151,"column":12},"end":{"line":151,"column":12}}]},"4":{"line":152,"type":"if","locations":[{"start":{"line":152,"column":12},"end":{"line":152,"column":12}},{"start":{"line":152,"column":12},"end":{"line":152,"column":12}}]},"5":{"line":161,"type":"if","locations":[{"start":{"line":161,"column":8},"end":{"line":161,"column":8}},{"start":{"line":161,"column":8},"end":{"line":161,"column":8}}]},"6":{"line":178,"type":"if","locations":[{"start":{"line":178,"column":8},"end":{"line":178,"column":8}},{"start":{"line":178,"column":8},"end":{"line":178,"column":8}}]},"7":{"line":180,"type":"if","locations":[{"start":{"line":180,"column":8},"end":{"line":180,"column":8}},{"start":{"line":180,"column":8},"end":{"line":180,"column":8}}]}}},"contracts\\misc\\ProfileCreationProxy.sol":{"l":{"21":12,"22":12,"26":19,"27":19,"29":18,"30":18,"31":3,"33":15,"34":88,"35":87,"40":14,"41":14},"path":"E:\\CODE\\Lens\\Lens_Running\\contracts\\misc\\ProfileCreationProxy.sol","s":{"1":12,"2":12,"3":19,"4":19,"5":18,"6":18,"7":15,"8":88,"9":14,"10":14},"b":{"1":[1,18],"2":[3,15],"3":[1,87]},"f":{"1":12,"2":19},"fnMap":{"1":{"name":"constructor","line":20,"loc":{"start":{"line":20,"column":4},"end":{"line":23,"column":4}}},"2":{"name":"proxyCreateProfile","line":25,"loc":{"start":{"line":25,"column":4},"end":{"line":42,"column":4}}}},"statementMap":{"1":{"start":{"line":21,"column":8},"end":{"line":21,"column":32}},"2":{"start":{"line":22,"column":8},"end":{"line":22,"column":21}},"3":{"start":{"line":26,"column":8},"end":{"line":26,"column":56}},"4":{"start":{"line":27,"column":8},"end":{"line":27,"column":65}},"5":{"start":{"line":29,"column":8},"end":{"line":29,"column":48}},"6":{"start":{"line":30,"column":8},"end":{"line":30,"column":1040}},"7":{"start":{"line":33,"column":8},"end":{"line":33,"column":1124}},"8":{"start":{"line":34,"column":12},"end":{"line":34,"column":93}},"9":{"start":{"line":40,"column":8},"end":{"line":40,"column":67}},"10":{"start":{"line":41,"column":8},"end":{"line":41,"column":35}}},"branchMap":{"1":{"line":27,"type":"if","locations":[{"start":{"line":27,"column":8},"end":{"line":27,"column":8}},{"start":{"line":27,"column":8},"end":{"line":27,"column":8}}]},"2":{"line":30,"type":"if","locations":[{"start":{"line":30,"column":8},"end":{"line":30,"column":8}},{"start":{"line":30,"column":8},"end":{"line":30,"column":8}}]},"3":{"line":34,"type":"if","locations":[{"start":{"line":34,"column":12},"end":{"line":34,"column":12}},{"start":{"line":34,"column":12},"end":{"line":34,"column":12}}]}}},"contracts\\misc\\UIDataProvider.sol":{"l":{"29":3,"41":1,"42":1,"43":1,"55":1,"56":1,"57":1,"58":1},"path":"E:\\CODE\\Lens\\Lens_Running\\contracts\\misc\\UIDataProvider.sol","s":{"1":3,"2":1,"3":1,"4":1,"5":1,"6":1,"7":1,"8":1},"b":{},"f":{"1":3,"2":1,"3":1},"fnMap":{"1":{"name":"constructor","line":28,"loc":{"start":{"line":28,"column":4},"end":{"line":30,"column":4}}},"2":{"name":"getLatestDataByProfile","line":40,"loc":{"start":{"line":40,"column":4},"end":{"line":44,"column":4}}},"3":{"name":"getLatestDataByHandle","line":54,"loc":{"start":{"line":54,"column":4},"end":{"line":59,"column":4}}}},"statementMap":{"1":{"start":{"line":29,"column":8},"end":{"line":29,"column":16}},"2":{"start":{"line":41,"column":8},"end":{"line":41,"column":80}},"3":{"start":{"line":42,"column":8},"end":{"line":42,"column":49}},"4":{"start":{"line":43,"column":8},"end":{"line":43,"column":73}},"5":{"start":{"line":55,"column":8},"end":{"line":55,"column":60}},"6":{"start":{"line":56,"column":8},"end":{"line":56,"column":80}},"7":{"start":{"line":57,"column":8},"end":{"line":57,"column":49}},"8":{"start":{"line":58,"column":8},"end":{"line":58,"column":73}}},"branchMap":{}}}